CRITICAL - 2022-06-19 12:45:04 --> Call to undefined function App\Controllers\getVar()
#0 C:\xampp\htdocs\lifeq\system\CodeIgniter.php(832): App\Controllers\Cuser->store()
#1 C:\xampp\htdocs\lifeq\system\CodeIgniter.php(419): CodeIgniter\CodeIgniter->runController(Object(App\Controllers\Cuser))
#2 C:\xampp\htdocs\lifeq\system\CodeIgniter.php(326): CodeIgniter\CodeIgniter->handleRequest(NULL, Object(Config\Cache), false)
#3 C:\xampp\htdocs\lifeq\public\index.php(37): CodeIgniter\CodeIgniter->run()
#4 {main}
CRITICAL - 2022-06-19 12:47:59 --> Call to undefined function App\Controllers\getVar()
#0 C:\xampp\htdocs\lifeq\system\CodeIgniter.php(832): App\Controllers\Cuser->store()
#1 C:\xampp\htdocs\lifeq\system\CodeIgniter.php(419): CodeIgniter\CodeIgniter->runController(Object(App\Controllers\Cuser))
#2 C:\xampp\htdocs\lifeq\system\CodeIgniter.php(326): CodeIgniter\CodeIgniter->handleRequest(NULL, Object(Config\Cache), false)
#3 C:\xampp\htdocs\lifeq\public\index.php(37): CodeIgniter\CodeIgniter->run()
#4 {main}
CRITICAL - 2022-06-19 12:50:53 --> Call to undefined function App\Controllers\getVar()
#0 C:\xampp\htdocs\lifeq\system\CodeIgniter.php(832): App\Controllers\Cuser->store()
#1 C:\xampp\htdocs\lifeq\system\CodeIgniter.php(419): CodeIgniter\CodeIgniter->runController(Object(App\Controllers\Cuser))
#2 C:\xampp\htdocs\lifeq\system\CodeIgniter.php(326): CodeIgniter\CodeIgniter->handleRequest(NULL, Object(Config\Cache), false)
#3 C:\xampp\htdocs\lifeq\public\index.php(37): CodeIgniter\CodeIgniter->run()
#4 {main}
ERROR - 2022-06-19 15:32:31 --> Error connecting to the database: No connection could be made because the target machine actively refused it
CRITICAL - 2022-06-19 15:32:31 --> Unable to connect to the database.
Main connection [MySQLi]: No connection could be made because the target machine actively refused it
#0 C:\xampp\htdocs\lifeq\system\Database\BaseConnection.php(577): CodeIgniter\Database\BaseConnection->initialize()
#1 C:\xampp\htdocs\lifeq\system\Database\BaseBuilder.php(1455): CodeIgniter\Database\BaseConnection->query('SELECT *\nFROM `...', Array, false)
#2 C:\xampp\htdocs\lifeq\system\Model.php(183): CodeIgniter\Database\BaseBuilder->get()
#3 C:\xampp\htdocs\lifeq\system\BaseModel.php(584): CodeIgniter\Model->doFindAll(0, 0)
#4 C:\xampp\htdocs\lifeq\app\Controllers\Cuser.php(15): CodeIgniter\BaseModel->findAll()
#5 C:\xampp\htdocs\lifeq\system\CodeIgniter.php(832): App\Controllers\Cuser->index()
#6 C:\xampp\htdocs\lifeq\system\CodeIgniter.php(419): CodeIgniter\CodeIgniter->runController(Object(App\Controllers\Cuser))
#7 C:\xampp\htdocs\lifeq\system\CodeIgniter.php(326): CodeIgniter\CodeIgniter->handleRequest(NULL, Object(Config\Cache), false)
#8 C:\xampp\htdocs\lifeq\public\index.php(37): CodeIgniter\CodeIgniter->run()
#9 {main}
ERROR - 2022-06-19 15:32:38 --> Error connecting to the database: No connection could be made because the target machine actively refused it
CRITICAL - 2022-06-19 15:32:38 --> Unable to connect to the database.
Main connection [MySQLi]: No connection could be made because the target machine actively refused it
#0 C:\xampp\htdocs\lifeq\system\Database\BaseConnection.php(577): CodeIgniter\Database\BaseConnection->initialize()
#1 C:\xampp\htdocs\lifeq\system\Database\BaseBuilder.php(1455): CodeIgniter\Database\BaseConnection->query('SELECT *\nFROM `...', Array, false)
#2 C:\xampp\htdocs\lifeq\system\Model.php(183): CodeIgniter\Database\BaseBuilder->get()
#3 C:\xampp\htdocs\lifeq\system\BaseModel.php(584): CodeIgniter\Model->doFindAll(0, 0)
#4 C:\xampp\htdocs\lifeq\app\Controllers\Cuser.php(15): CodeIgniter\BaseModel->findAll()
#5 C:\xampp\htdocs\lifeq\system\CodeIgniter.php(832): App\Controllers\Cuser->index()
#6 C:\xampp\htdocs\lifeq\system\CodeIgniter.php(419): CodeIgniter\CodeIgniter->runController(Object(App\Controllers\Cuser))
#7 C:\xampp\htdocs\lifeq\system\CodeIgniter.php(326): CodeIgniter\CodeIgniter->handleRequest(NULL, Object(Config\Cache), false)
#8 C:\xampp\htdocs\lifeq\public\index.php(37): CodeIgniter\CodeIgniter->run()
#9 {main}
