CRITICAL - 2022-06-26 00:01:51 --> json_decode(): Argument #1 ($json) must be of type string, array given
#0 C:\xampp\htdocs\lifeq\app\Controllers\Cpharris.php(36): json_decode(Array, true)
#1 C:\xampp\htdocs\lifeq\system\CodeIgniter.php(832): App\Controllers\Cpharris->AKE()
#2 C:\xampp\htdocs\lifeq\system\CodeIgniter.php(419): CodeIgniter\CodeIgniter->runController(Object(App\Controllers\Cpharris))
#3 C:\xampp\htdocs\lifeq\system\CodeIgniter.php(326): CodeIgniter\CodeIgniter->handleRequest(NULL, Object(Config\Cache), false)
#4 C:\xampp\htdocs\lifeq\public\index.php(37): CodeIgniter\CodeIgniter->run()
#5 {main}
CRITICAL - 2022-06-26 00:04:12 --> Undefined constant "App\Controllers\KATEGORI_KEGIATAN"
#0 C:\xampp\htdocs\lifeq\system\CodeIgniter.php(832): App\Controllers\Cpharris->AKE()
#1 C:\xampp\htdocs\lifeq\system\CodeIgniter.php(419): CodeIgniter\CodeIgniter->runController(Object(App\Controllers\Cpharris))
#2 C:\xampp\htdocs\lifeq\system\CodeIgniter.php(326): CodeIgniter\CodeIgniter->handleRequest(NULL, Object(Config\Cache), false)
#3 C:\xampp\htdocs\lifeq\public\index.php(37): CodeIgniter\CodeIgniter->run()
#4 {main}
CRITICAL - 2022-06-26 00:09:59 --> print_r() expects at least 1 argument, 0 given
#0 C:\xampp\htdocs\lifeq\app\Controllers\Cpharris.php(46): print_r()
#1 C:\xampp\htdocs\lifeq\system\CodeIgniter.php(832): App\Controllers\Cpharris->AKE()
#2 C:\xampp\htdocs\lifeq\system\CodeIgniter.php(419): CodeIgniter\CodeIgniter->runController(Object(App\Controllers\Cpharris))
#3 C:\xampp\htdocs\lifeq\system\CodeIgniter.php(326): CodeIgniter\CodeIgniter->handleRequest(NULL, Object(Config\Cache), false)
#4 C:\xampp\htdocs\lifeq\public\index.php(37): CodeIgniter\CodeIgniter->run()
#5 {main}
CRITICAL - 2022-06-26 00:23:48 --> syntax error, unexpected variable "$this"
#0 C:\xampp\htdocs\lifeq\system\Router\Router.php(175): CodeIgniter\Router\Router->autoRoute('Cpharris/AKE')
#1 C:\xampp\htdocs\lifeq\system\CodeIgniter.php(726): CodeIgniter\Router\Router->handle('Cpharris/AKE')
#2 C:\xampp\htdocs\lifeq\system\CodeIgniter.php(368): CodeIgniter\CodeIgniter->tryToRouteIt(Object(CodeIgniter\Router\RouteCollection))
#3 C:\xampp\htdocs\lifeq\system\CodeIgniter.php(326): CodeIgniter\CodeIgniter->handleRequest(NULL, Object(Config\Cache), false)
#4 C:\xampp\htdocs\lifeq\public\index.php(37): CodeIgniter\CodeIgniter->run()
#5 {main}
CRITICAL - 2022-06-26 02:38:56 --> Undefined property: App\Controllers\Cpharris::$hitungharris
#0 C:\xampp\htdocs\lifeq\app\Controllers\Cpharris.php(28): CodeIgniter\Debug\Exceptions->errorHandler(2, 'Undefined prope...', 'C:\\xampp\\htdocs...', 28)
#1 C:\xampp\htdocs\lifeq\system\CodeIgniter.php(832): App\Controllers\Cpharris->AKE()
#2 C:\xampp\htdocs\lifeq\system\CodeIgniter.php(419): CodeIgniter\CodeIgniter->runController(Object(App\Controllers\Cpharris))
#3 C:\xampp\htdocs\lifeq\system\CodeIgniter.php(326): CodeIgniter\CodeIgniter->handleRequest(NULL, Object(Config\Cache), false)
#4 C:\xampp\htdocs\lifeq\public\index.php(37): CodeIgniter\CodeIgniter->run()
#5 {main}
CRITICAL - 2022-06-26 02:44:40 --> syntax error, unexpected token ";", expecting "]"
#0 C:\xampp\htdocs\lifeq\system\Router\Router.php(175): CodeIgniter\Router\Router->autoRoute('Cpharris/AKE')
#1 C:\xampp\htdocs\lifeq\system\CodeIgniter.php(726): CodeIgniter\Router\Router->handle('Cpharris/AKE')
#2 C:\xampp\htdocs\lifeq\system\CodeIgniter.php(368): CodeIgniter\CodeIgniter->tryToRouteIt(Object(CodeIgniter\Router\RouteCollection))
#3 C:\xampp\htdocs\lifeq\system\CodeIgniter.php(326): CodeIgniter\CodeIgniter->handleRequest(NULL, Object(Config\Cache), false)
#4 C:\xampp\htdocs\lifeq\public\index.php(37): CodeIgniter\CodeIgniter->run()
#5 {main}
CRITICAL - 2022-06-26 02:44:51 --> syntax error, unexpected token "=", expecting "]"
#0 C:\xampp\htdocs\lifeq\system\Router\Router.php(175): CodeIgniter\Router\Router->autoRoute('Cpharris/AKE')
#1 C:\xampp\htdocs\lifeq\system\CodeIgniter.php(726): CodeIgniter\Router\Router->handle('Cpharris/AKE')
#2 C:\xampp\htdocs\lifeq\system\CodeIgniter.php(368): CodeIgniter\CodeIgniter->tryToRouteIt(Object(CodeIgniter\Router\RouteCollection))
#3 C:\xampp\htdocs\lifeq\system\CodeIgniter.php(326): CodeIgniter\CodeIgniter->handleRequest(NULL, Object(Config\Cache), false)
#4 C:\xampp\htdocs\lifeq\public\index.php(37): CodeIgniter\CodeIgniter->run()
#5 {main}
CRITICAL - 2022-06-26 02:52:30 --> syntax error, unexpected token "}", expecting ";"
#0 C:\xampp\htdocs\lifeq\system\Autoloader\Autoloader.php(241): CodeIgniter\Autoloader\Autoloader->includeFile('C:\\xampp\\htdocs...')
#1 C:\xampp\htdocs\lifeq\system\Autoloader\Autoloader.php(219): CodeIgniter\Autoloader\Autoloader->loadInNamespace('App\\Models\\M_St...')
#2 C:\xampp\htdocs\lifeq\app\Controllers\Cpharris.php(19): CodeIgniter\Autoloader\Autoloader->loadClass('App\\Models\\M_St...')
#3 C:\xampp\htdocs\lifeq\system\CodeIgniter.php(809): App\Controllers\Cpharris->__construct()
#4 C:\xampp\htdocs\lifeq\system\CodeIgniter.php(410): CodeIgniter\CodeIgniter->createController()
#5 C:\xampp\htdocs\lifeq\system\CodeIgniter.php(326): CodeIgniter\CodeIgniter->handleRequest(NULL, Object(Config\Cache), false)
#6 C:\xampp\htdocs\lifeq\public\index.php(37): CodeIgniter\CodeIgniter->run()
#7 {main}
CRITICAL - 2022-06-26 03:50:55 --> Undefined variable $db
#0 C:\xampp\htdocs\lifeq\app\Models\M_Status_Badan.php(14): CodeIgniter\Debug\Exceptions->errorHandler(2, 'Undefined varia...', 'C:\\xampp\\htdocs...', 14)
#1 C:\xampp\htdocs\lifeq\app\Controllers\Cpharris.php(39): App\Models\M_Status_Badan->getAll()
#2 C:\xampp\htdocs\lifeq\system\CodeIgniter.php(832): App\Controllers\Cpharris->AKE()
#3 C:\xampp\htdocs\lifeq\system\CodeIgniter.php(419): CodeIgniter\CodeIgniter->runController(Object(App\Controllers\Cpharris))
#4 C:\xampp\htdocs\lifeq\system\CodeIgniter.php(326): CodeIgniter\CodeIgniter->handleRequest(NULL, Object(Config\Cache), false)
#5 C:\xampp\htdocs\lifeq\public\index.php(37): CodeIgniter\CodeIgniter->run()
#6 {main}
ERROR - 2022-06-26 04:14:00 --> Unknown column 'created_at' in 'field list'
CRITICAL - 2022-06-26 04:14:00 --> Unknown column 'created_at' in 'field list'
#0 C:\xampp\htdocs\lifeq\system\Database\MySQLi\Connection.php(292): mysqli->query('INSERT INTO `st...', 0)
#1 C:\xampp\htdocs\lifeq\system\Database\BaseConnection.php(670): CodeIgniter\Database\MySQLi\Connection->execute('INSERT INTO `st...')
#2 C:\xampp\htdocs\lifeq\system\Database\BaseConnection.php(598): CodeIgniter\Database\BaseConnection->simpleQuery('INSERT INTO `st...')
#3 C:\xampp\htdocs\lifeq\system\Database\BaseBuilder.php(1771): CodeIgniter\Database\BaseConnection->query('INSERT INTO `st...', Array, false)
#4 C:\xampp\htdocs\lifeq\system\Model.php(239): CodeIgniter\Database\BaseBuilder->insert()
#5 C:\xampp\htdocs\lifeq\system\BaseModel.php(738): CodeIgniter\Model->doInsert(Array)
#6 C:\xampp\htdocs\lifeq\system\Model.php(625): CodeIgniter\BaseModel->insert(Array, true)
#7 C:\xampp\htdocs\lifeq\app\Controllers\Cpharris.php(33): CodeIgniter\Model->insert(Array)
#8 C:\xampp\htdocs\lifeq\system\CodeIgniter.php(832): App\Controllers\Cpharris->AKE()
#9 C:\xampp\htdocs\lifeq\system\CodeIgniter.php(419): CodeIgniter\CodeIgniter->runController(Object(App\Controllers\Cpharris))
#10 C:\xampp\htdocs\lifeq\system\CodeIgniter.php(326): CodeIgniter\CodeIgniter->handleRequest(NULL, Object(Config\Cache), false)
#11 C:\xampp\htdocs\lifeq\public\index.php(37): CodeIgniter\CodeIgniter->run()
#12 {main}
CRITICAL - 2022-06-26 04:23:09 --> There is no data to insert.
#0 C:\xampp\htdocs\lifeq\system\BaseModel.php(718): CodeIgniter\Database\Exceptions\DataException::forEmptyDataset('insert')
#1 C:\xampp\htdocs\lifeq\system\Model.php(625): CodeIgniter\BaseModel->insert(Array, true)
#2 C:\xampp\htdocs\lifeq\app\Controllers\Cpharris.php(34): CodeIgniter\Model->insert(Array)
#3 C:\xampp\htdocs\lifeq\system\CodeIgniter.php(832): App\Controllers\Cpharris->AKE()
#4 C:\xampp\htdocs\lifeq\system\CodeIgniter.php(419): CodeIgniter\CodeIgniter->runController(Object(App\Controllers\Cpharris))
#5 C:\xampp\htdocs\lifeq\system\CodeIgniter.php(326): CodeIgniter\CodeIgniter->handleRequest(NULL, Object(Config\Cache), false)
#6 C:\xampp\htdocs\lifeq\public\index.php(37): CodeIgniter\CodeIgniter->run()
#7 {main}
CRITICAL - 2022-06-26 04:23:20 --> There is no data to update.
#0 C:\xampp\htdocs\lifeq\system\BaseModel.php(1574): CodeIgniter\Database\Exceptions\DataException::forEmptyDataset('update')
#1 C:\xampp\htdocs\lifeq\system\BaseModel.php(832): CodeIgniter\BaseModel->transformDataToArray(NULL, 'update')
#2 C:\xampp\htdocs\lifeq\system\Model.php(651): CodeIgniter\BaseModel->update(Array, NULL)
#3 C:\xampp\htdocs\lifeq\app\Controllers\Cpharris.php(34): CodeIgniter\Model->update(Array)
#4 C:\xampp\htdocs\lifeq\system\CodeIgniter.php(832): App\Controllers\Cpharris->AKE()
#5 C:\xampp\htdocs\lifeq\system\CodeIgniter.php(419): CodeIgniter\CodeIgniter->runController(Object(App\Controllers\Cpharris))
#6 C:\xampp\htdocs\lifeq\system\CodeIgniter.php(326): CodeIgniter\CodeIgniter->handleRequest(NULL, Object(Config\Cache), false)
#7 C:\xampp\htdocs\lifeq\public\index.php(37): CodeIgniter\CodeIgniter->run()
#8 {main}
CRITICAL - 2022-06-26 04:24:34 --> There is no data to update.
#0 C:\xampp\htdocs\lifeq\system\BaseModel.php(1574): CodeIgniter\Database\Exceptions\DataException::forEmptyDataset('update')
#1 C:\xampp\htdocs\lifeq\system\BaseModel.php(832): CodeIgniter\BaseModel->transformDataToArray(NULL, 'update')
#2 C:\xampp\htdocs\lifeq\system\Model.php(651): CodeIgniter\BaseModel->update(Array, NULL)
#3 C:\xampp\htdocs\lifeq\app\Controllers\Cpharris.php(38): CodeIgniter\Model->update(Array)
#4 C:\xampp\htdocs\lifeq\system\CodeIgniter.php(832): App\Controllers\Cpharris->AKE()
#5 C:\xampp\htdocs\lifeq\system\CodeIgniter.php(419): CodeIgniter\CodeIgniter->runController(Object(App\Controllers\Cpharris))
#6 C:\xampp\htdocs\lifeq\system\CodeIgniter.php(326): CodeIgniter\CodeIgniter->handleRequest(NULL, Object(Config\Cache), false)
#7 C:\xampp\htdocs\lifeq\public\index.php(37): CodeIgniter\CodeIgniter->run()
#8 {main}
CRITICAL - 2022-06-26 04:24:47 --> There is no data to insert.
#0 C:\xampp\htdocs\lifeq\system\BaseModel.php(718): CodeIgniter\Database\Exceptions\DataException::forEmptyDataset('insert')
#1 C:\xampp\htdocs\lifeq\system\Model.php(625): CodeIgniter\BaseModel->insert(Array, true)
#2 C:\xampp\htdocs\lifeq\app\Controllers\Cpharris.php(38): CodeIgniter\Model->insert(Array)
#3 C:\xampp\htdocs\lifeq\system\CodeIgniter.php(832): App\Controllers\Cpharris->AKE()
#4 C:\xampp\htdocs\lifeq\system\CodeIgniter.php(419): CodeIgniter\CodeIgniter->runController(Object(App\Controllers\Cpharris))
#5 C:\xampp\htdocs\lifeq\system\CodeIgniter.php(326): CodeIgniter\CodeIgniter->handleRequest(NULL, Object(Config\Cache), false)
#6 C:\xampp\htdocs\lifeq\public\index.php(37): CodeIgniter\CodeIgniter->run()
#7 {main}
ERROR - 2022-06-26 04:49:36 --> Unknown column 'created_at' in 'field list'
CRITICAL - 2022-06-26 04:49:37 --> Unknown column 'created_at' in 'field list'
#0 C:\xampp\htdocs\lifeq\system\Database\MySQLi\Connection.php(292): mysqli->query('INSERT INTO `st...', 0)
#1 C:\xampp\htdocs\lifeq\system\Database\BaseConnection.php(670): CodeIgniter\Database\MySQLi\Connection->execute('INSERT INTO `st...')
#2 C:\xampp\htdocs\lifeq\system\Database\BaseConnection.php(598): CodeIgniter\Database\BaseConnection->simpleQuery('INSERT INTO `st...')
#3 C:\xampp\htdocs\lifeq\system\Database\BaseBuilder.php(1771): CodeIgniter\Database\BaseConnection->query('INSERT INTO `st...', Array, false)
#4 C:\xampp\htdocs\lifeq\system\Model.php(239): CodeIgniter\Database\BaseBuilder->insert()
#5 C:\xampp\htdocs\lifeq\system\BaseModel.php(738): CodeIgniter\Model->doInsert(Array)
#6 C:\xampp\htdocs\lifeq\system\Model.php(625): CodeIgniter\BaseModel->insert(Array, true)
#7 C:\xampp\htdocs\lifeq\app\Controllers\Cpharris.php(37): CodeIgniter\Model->insert(Array)
#8 C:\xampp\htdocs\lifeq\system\CodeIgniter.php(832): App\Controllers\Cpharris->AKE()
#9 C:\xampp\htdocs\lifeq\system\CodeIgniter.php(419): CodeIgniter\CodeIgniter->runController(Object(App\Controllers\Cpharris))
#10 C:\xampp\htdocs\lifeq\system\CodeIgniter.php(326): CodeIgniter\CodeIgniter->handleRequest(NULL, Object(Config\Cache), false)
#11 C:\xampp\htdocs\lifeq\public\index.php(37): CodeIgniter\CodeIgniter->run()
#12 {main}
ERROR - 2022-06-26 04:50:11 --> Unknown column 'created_at' in 'field list'
CRITICAL - 2022-06-26 04:50:11 --> Unknown column 'created_at' in 'field list'
#0 C:\xampp\htdocs\lifeq\system\Database\MySQLi\Connection.php(292): mysqli->query('INSERT INTO `st...', 0)
#1 C:\xampp\htdocs\lifeq\system\Database\BaseConnection.php(670): CodeIgniter\Database\MySQLi\Connection->execute('INSERT INTO `st...')
#2 C:\xampp\htdocs\lifeq\system\Database\BaseConnection.php(598): CodeIgniter\Database\BaseConnection->simpleQuery('INSERT INTO `st...')
#3 C:\xampp\htdocs\lifeq\system\Database\BaseBuilder.php(1771): CodeIgniter\Database\BaseConnection->query('INSERT INTO `st...', Array, false)
#4 C:\xampp\htdocs\lifeq\system\Model.php(239): CodeIgniter\Database\BaseBuilder->insert()
#5 C:\xampp\htdocs\lifeq\system\BaseModel.php(738): CodeIgniter\Model->doInsert(Array)
#6 C:\xampp\htdocs\lifeq\system\Model.php(625): CodeIgniter\BaseModel->insert(Array, true)
#7 C:\xampp\htdocs\lifeq\app\Controllers\Cpharris.php(37): CodeIgniter\Model->insert(Array)
#8 C:\xampp\htdocs\lifeq\system\CodeIgniter.php(832): App\Controllers\Cpharris->AKE()
#9 C:\xampp\htdocs\lifeq\system\CodeIgniter.php(419): CodeIgniter\CodeIgniter->runController(Object(App\Controllers\Cpharris))
#10 C:\xampp\htdocs\lifeq\system\CodeIgniter.php(326): CodeIgniter\CodeIgniter->handleRequest(NULL, Object(Config\Cache), false)
#11 C:\xampp\htdocs\lifeq\public\index.php(37): CodeIgniter\CodeIgniter->run()
#12 {main}
CRITICAL - 2022-06-26 04:50:46 --> Undefined array key "SB"
#0 C:\xampp\htdocs\lifeq\app\Controllers\Cpharris.php(53): CodeIgniter\Debug\Exceptions->errorHandler(2, 'Undefined array...', 'C:\\xampp\\htdocs...', 53)
#1 C:\xampp\htdocs\lifeq\system\CodeIgniter.php(832): App\Controllers\Cpharris->AKE()
#2 C:\xampp\htdocs\lifeq\system\CodeIgniter.php(419): CodeIgniter\CodeIgniter->runController(Object(App\Controllers\Cpharris))
#3 C:\xampp\htdocs\lifeq\system\CodeIgniter.php(326): CodeIgniter\CodeIgniter->handleRequest(NULL, Object(Config\Cache), false)
#4 C:\xampp\htdocs\lifeq\public\index.php(37): CodeIgniter\CodeIgniter->run()
#5 {main}
CRITICAL - 2022-06-26 04:52:33 --> Undefined variable $pilihan
#0 C:\xampp\htdocs\lifeq\app\Controllers\Cpharris.php(42): CodeIgniter\Debug\Exceptions->errorHandler(2, 'Undefined varia...', 'C:\\xampp\\htdocs...', 42)
#1 C:\xampp\htdocs\lifeq\system\CodeIgniter.php(832): App\Controllers\Cpharris->AKE()
#2 C:\xampp\htdocs\lifeq\system\CodeIgniter.php(419): CodeIgniter\CodeIgniter->runController(Object(App\Controllers\Cpharris))
#3 C:\xampp\htdocs\lifeq\system\CodeIgniter.php(326): CodeIgniter\CodeIgniter->handleRequest(NULL, Object(Config\Cache), false)
#4 C:\xampp\htdocs\lifeq\public\index.php(37): CodeIgniter\CodeIgniter->run()
#5 {main}
CRITICAL - 2022-06-26 04:57:09 --> Undefined variable $SB
#0 C:\xampp\htdocs\lifeq\app\Controllers\Cpharris.php(31): CodeIgniter\Debug\Exceptions->errorHandler(2, 'Undefined varia...', 'C:\\xampp\\htdocs...', 31)
#1 C:\xampp\htdocs\lifeq\system\CodeIgniter.php(832): App\Controllers\Cpharris->AKE()
#2 C:\xampp\htdocs\lifeq\system\CodeIgniter.php(419): CodeIgniter\CodeIgniter->runController(Object(App\Controllers\Cpharris))
#3 C:\xampp\htdocs\lifeq\system\CodeIgniter.php(326): CodeIgniter\CodeIgniter->handleRequest(NULL, Object(Config\Cache), false)
#4 C:\xampp\htdocs\lifeq\public\index.php(37): CodeIgniter\CodeIgniter->run()
#5 {main}
CRITICAL - 2022-06-26 06:00:01 --> Unclosed '{' on line 8
#0 C:\xampp\htdocs\lifeq\system\Router\Router.php(175): CodeIgniter\Router\Router->autoRoute('Cpharris/AKE')
#1 C:\xampp\htdocs\lifeq\system\CodeIgniter.php(726): CodeIgniter\Router\Router->handle('Cpharris/AKE')
#2 C:\xampp\htdocs\lifeq\system\CodeIgniter.php(368): CodeIgniter\CodeIgniter->tryToRouteIt(Object(CodeIgniter\Router\RouteCollection))
#3 C:\xampp\htdocs\lifeq\system\CodeIgniter.php(326): CodeIgniter\CodeIgniter->handleRequest(NULL, Object(Config\Cache), false)
#4 C:\xampp\htdocs\lifeq\public\index.php(37): CodeIgniter\CodeIgniter->run()
#5 {main}
CRITICAL - 2022-06-26 06:09:01 --> syntax error, unexpected token ";"
#0 C:\xampp\htdocs\lifeq\system\Router\Router.php(175): CodeIgniter\Router\Router->autoRoute('Cpharris/AKE')
#1 C:\xampp\htdocs\lifeq\system\CodeIgniter.php(726): CodeIgniter\Router\Router->handle('Cpharris/AKE')
#2 C:\xampp\htdocs\lifeq\system\CodeIgniter.php(368): CodeIgniter\CodeIgniter->tryToRouteIt(Object(CodeIgniter\Router\RouteCollection))
#3 C:\xampp\htdocs\lifeq\system\CodeIgniter.php(326): CodeIgniter\CodeIgniter->handleRequest(NULL, Object(Config\Cache), false)
#4 C:\xampp\htdocs\lifeq\public\index.php(37): CodeIgniter\CodeIgniter->run()
#5 {main}
CRITICAL - 2022-06-26 06:20:59 --> Undefined variable $dataSB
#0 C:\xampp\htdocs\lifeq\app\Controllers\Cpharris.php(23): CodeIgniter\Debug\Exceptions->errorHandler(2, 'Undefined varia...', 'C:\\xampp\\htdocs...', 23)
#1 C:\xampp\htdocs\lifeq\system\CodeIgniter.php(832): App\Controllers\Cpharris->AKE()
#2 C:\xampp\htdocs\lifeq\system\CodeIgniter.php(419): CodeIgniter\CodeIgniter->runController(Object(App\Controllers\Cpharris))
#3 C:\xampp\htdocs\lifeq\system\CodeIgniter.php(326): CodeIgniter\CodeIgniter->handleRequest(NULL, Object(Config\Cache), false)
#4 C:\xampp\htdocs\lifeq\public\index.php(37): CodeIgniter\CodeIgniter->run()
#5 {main}
CRITICAL - 2022-06-26 07:14:53 --> syntax error, unexpected token ",", expecting ";"
#0 C:\xampp\htdocs\lifeq\system\Autoloader\Autoloader.php(241): CodeIgniter\Autoloader\Autoloader->includeFile('C:\\xampp\\htdocs...')
#1 C:\xampp\htdocs\lifeq\system\Autoloader\Autoloader.php(219): CodeIgniter\Autoloader\Autoloader->loadInNamespace('App\\Models\\M_Pe...')
#2 C:\xampp\htdocs\lifeq\app\Controllers\Cpharris.php(17): CodeIgniter\Autoloader\Autoloader->loadClass('App\\Models\\M_Pe...')
#3 C:\xampp\htdocs\lifeq\system\CodeIgniter.php(809): App\Controllers\Cpharris->__construct()
#4 C:\xampp\htdocs\lifeq\system\CodeIgniter.php(410): CodeIgniter\CodeIgniter->createController()
#5 C:\xampp\htdocs\lifeq\system\CodeIgniter.php(326): CodeIgniter\CodeIgniter->handleRequest(NULL, Object(Config\Cache), false)
#6 C:\xampp\htdocs\lifeq\public\index.php(37): CodeIgniter\CodeIgniter->run()
#7 {main}
