CRITICAL - 2022-07-02 02:30:10 --> syntax error, unexpected token "}"
#0 C:\xampp\htdocs\lifeq\system\Router\Router.php(175): CodeIgniter\Router\Router->autoRoute('Cpharris/AKE')
#1 C:\xampp\htdocs\lifeq\system\CodeIgniter.php(726): CodeIgniter\Router\Router->handle('Cpharris/AKE')
#2 C:\xampp\htdocs\lifeq\system\CodeIgniter.php(368): CodeIgniter\CodeIgniter->tryToRouteIt(Object(CodeIgniter\Router\RouteCollection))
#3 C:\xampp\htdocs\lifeq\system\CodeIgniter.php(326): CodeIgniter\CodeIgniter->handleRequest(NULL, Object(Config\Cache), false)
#4 C:\xampp\htdocs\lifeq\public\index.php(37): CodeIgniter\CodeIgniter->run()
#5 {main}
CRITICAL - 2022-07-02 02:30:45 --> syntax error, unexpected token "return"
#0 C:\xampp\htdocs\lifeq\system\Router\Router.php(175): CodeIgniter\Router\Router->autoRoute('Cpharris/AKE')
#1 C:\xampp\htdocs\lifeq\system\CodeIgniter.php(726): CodeIgniter\Router\Router->handle('Cpharris/AKE')
#2 C:\xampp\htdocs\lifeq\system\CodeIgniter.php(368): CodeIgniter\CodeIgniter->tryToRouteIt(Object(CodeIgniter\Router\RouteCollection))
#3 C:\xampp\htdocs\lifeq\system\CodeIgniter.php(326): CodeIgniter\CodeIgniter->handleRequest(NULL, Object(Config\Cache), false)
#4 C:\xampp\htdocs\lifeq\public\index.php(37): CodeIgniter\CodeIgniter->run()
#5 {main}
CRITICAL - 2022-07-02 02:30:51 --> syntax error, unexpected token "}"
#0 C:\xampp\htdocs\lifeq\system\Router\Router.php(175): CodeIgniter\Router\Router->autoRoute('Cpharris/AKE')
#1 C:\xampp\htdocs\lifeq\system\CodeIgniter.php(726): CodeIgniter\Router\Router->handle('Cpharris/AKE')
#2 C:\xampp\htdocs\lifeq\system\CodeIgniter.php(368): CodeIgniter\CodeIgniter->tryToRouteIt(Object(CodeIgniter\Router\RouteCollection))
#3 C:\xampp\htdocs\lifeq\system\CodeIgniter.php(326): CodeIgniter\CodeIgniter->handleRequest(NULL, Object(Config\Cache), false)
#4 C:\xampp\htdocs\lifeq\public\index.php(37): CodeIgniter\CodeIgniter->run()
#5 {main}
CRITICAL - 2022-07-02 02:30:58 --> syntax error, unexpected token "}"
#0 C:\xampp\htdocs\lifeq\system\Router\Router.php(175): CodeIgniter\Router\Router->autoRoute('Cpharris/AKE')
#1 C:\xampp\htdocs\lifeq\system\CodeIgniter.php(726): CodeIgniter\Router\Router->handle('Cpharris/AKE')
#2 C:\xampp\htdocs\lifeq\system\CodeIgniter.php(368): CodeIgniter\CodeIgniter->tryToRouteIt(Object(CodeIgniter\Router\RouteCollection))
#3 C:\xampp\htdocs\lifeq\system\CodeIgniter.php(326): CodeIgniter\CodeIgniter->handleRequest(NULL, Object(Config\Cache), false)
#4 C:\xampp\htdocs\lifeq\public\index.php(37): CodeIgniter\CodeIgniter->run()
#5 {main}
CRITICAL - 2022-07-02 02:30:59 --> syntax error, unexpected token "}"
#0 C:\xampp\htdocs\lifeq\system\Router\Router.php(175): CodeIgniter\Router\Router->autoRoute('Cpharris/AKE')
#1 C:\xampp\htdocs\lifeq\system\CodeIgniter.php(726): CodeIgniter\Router\Router->handle('Cpharris/AKE')
#2 C:\xampp\htdocs\lifeq\system\CodeIgniter.php(368): CodeIgniter\CodeIgniter->tryToRouteIt(Object(CodeIgniter\Router\RouteCollection))
#3 C:\xampp\htdocs\lifeq\system\CodeIgniter.php(326): CodeIgniter\CodeIgniter->handleRequest(NULL, Object(Config\Cache), false)
#4 C:\xampp\htdocs\lifeq\public\index.php(37): CodeIgniter\CodeIgniter->run()
#5 {main}
CRITICAL - 2022-07-02 02:30:59 --> syntax error, unexpected token "}"
#0 C:\xampp\htdocs\lifeq\system\Router\Router.php(175): CodeIgniter\Router\Router->autoRoute('Cpharris/AKE')
#1 C:\xampp\htdocs\lifeq\system\CodeIgniter.php(726): CodeIgniter\Router\Router->handle('Cpharris/AKE')
#2 C:\xampp\htdocs\lifeq\system\CodeIgniter.php(368): CodeIgniter\CodeIgniter->tryToRouteIt(Object(CodeIgniter\Router\RouteCollection))
#3 C:\xampp\htdocs\lifeq\system\CodeIgniter.php(326): CodeIgniter\CodeIgniter->handleRequest(NULL, Object(Config\Cache), false)
#4 C:\xampp\htdocs\lifeq\public\index.php(37): CodeIgniter\CodeIgniter->run()
#5 {main}
CRITICAL - 2022-07-02 02:31:03 --> syntax error, unexpected token "="
#0 C:\xampp\htdocs\lifeq\system\Router\Router.php(175): CodeIgniter\Router\Router->autoRoute('Cpharris/AKE')
#1 C:\xampp\htdocs\lifeq\system\CodeIgniter.php(726): CodeIgniter\Router\Router->handle('Cpharris/AKE')
#2 C:\xampp\htdocs\lifeq\system\CodeIgniter.php(368): CodeIgniter\CodeIgniter->tryToRouteIt(Object(CodeIgniter\Router\RouteCollection))
#3 C:\xampp\htdocs\lifeq\system\CodeIgniter.php(326): CodeIgniter\CodeIgniter->handleRequest(NULL, Object(Config\Cache), false)
#4 C:\xampp\htdocs\lifeq\public\index.php(37): CodeIgniter\CodeIgniter->run()
#5 {main}
CRITICAL - 2022-07-02 02:31:09 --> syntax error, unexpected token "}"
#0 C:\xampp\htdocs\lifeq\system\Router\Router.php(175): CodeIgniter\Router\Router->autoRoute('Cpharris/AKE')
#1 C:\xampp\htdocs\lifeq\system\CodeIgniter.php(726): CodeIgniter\Router\Router->handle('Cpharris/AKE')
#2 C:\xampp\htdocs\lifeq\system\CodeIgniter.php(368): CodeIgniter\CodeIgniter->tryToRouteIt(Object(CodeIgniter\Router\RouteCollection))
#3 C:\xampp\htdocs\lifeq\system\CodeIgniter.php(326): CodeIgniter\CodeIgniter->handleRequest(NULL, Object(Config\Cache), false)
#4 C:\xampp\htdocs\lifeq\public\index.php(37): CodeIgniter\CodeIgniter->run()
#5 {main}
CRITICAL - 2022-07-02 02:31:15 --> You must set the database table to be used with your query.
#0 C:\xampp\htdocs\lifeq\system\Model.php(545): CodeIgniter\Database\BaseConnection->table(NULL)
#1 C:\xampp\htdocs\lifeq\system\Model.php(722): CodeIgniter\Model->builder()
#2 C:\xampp\htdocs\lifeq\app\Controllers\Cpharris.php(62): CodeIgniter\Model->__call('where', Array)
#3 C:\xampp\htdocs\lifeq\system\CodeIgniter.php(832): App\Controllers\Cpharris->AKE()
#4 C:\xampp\htdocs\lifeq\system\CodeIgniter.php(419): CodeIgniter\CodeIgniter->runController(Object(App\Controllers\Cpharris))
#5 C:\xampp\htdocs\lifeq\system\CodeIgniter.php(326): CodeIgniter\CodeIgniter->handleRequest(NULL, Object(Config\Cache), false)
#6 C:\xampp\htdocs\lifeq\public\index.php(37): CodeIgniter\CodeIgniter->run()
#7 {main}
CRITICAL - 2022-07-02 02:32:08 --> syntax error, unexpected variable "$dataUser"
#0 C:\xampp\htdocs\lifeq\system\Router\Router.php(175): CodeIgniter\Router\Router->autoRoute('Cpharris/AKE')
#1 C:\xampp\htdocs\lifeq\system\CodeIgniter.php(726): CodeIgniter\Router\Router->handle('Cpharris/AKE')
#2 C:\xampp\htdocs\lifeq\system\CodeIgniter.php(368): CodeIgniter\CodeIgniter->tryToRouteIt(Object(CodeIgniter\Router\RouteCollection))
#3 C:\xampp\htdocs\lifeq\system\CodeIgniter.php(326): CodeIgniter\CodeIgniter->handleRequest(NULL, Object(Config\Cache), false)
#4 C:\xampp\htdocs\lifeq\public\index.php(37): CodeIgniter\CodeIgniter->run()
#5 {main}
CRITICAL - 2022-07-02 02:32:25 --> syntax error, unexpected variable "$dataPersen"
#0 C:\xampp\htdocs\lifeq\system\Router\Router.php(175): CodeIgniter\Router\Router->autoRoute('Cpharris/AKE')
#1 C:\xampp\htdocs\lifeq\system\CodeIgniter.php(726): CodeIgniter\Router\Router->handle('Cpharris/AKE')
#2 C:\xampp\htdocs\lifeq\system\CodeIgniter.php(368): CodeIgniter\CodeIgniter->tryToRouteIt(Object(CodeIgniter\Router\RouteCollection))
#3 C:\xampp\htdocs\lifeq\system\CodeIgniter.php(326): CodeIgniter\CodeIgniter->handleRequest(NULL, Object(Config\Cache), false)
#4 C:\xampp\htdocs\lifeq\public\index.php(37): CodeIgniter\CodeIgniter->run()
#5 {main}
CRITICAL - 2022-07-02 02:33:09 --> syntax error, unexpected variable "$dataPersen"
#0 C:\xampp\htdocs\lifeq\system\Router\Router.php(175): CodeIgniter\Router\Router->autoRoute('Cpharris/AKE')
#1 C:\xampp\htdocs\lifeq\system\CodeIgniter.php(726): CodeIgniter\Router\Router->handle('Cpharris/AKE')
#2 C:\xampp\htdocs\lifeq\system\CodeIgniter.php(368): CodeIgniter\CodeIgniter->tryToRouteIt(Object(CodeIgniter\Router\RouteCollection))
#3 C:\xampp\htdocs\lifeq\system\CodeIgniter.php(326): CodeIgniter\CodeIgniter->handleRequest(NULL, Object(Config\Cache), false)
#4 C:\xampp\htdocs\lifeq\public\index.php(37): CodeIgniter\CodeIgniter->run()
#5 {main}
CRITICAL - 2022-07-02 02:33:36 --> syntax error, unexpected variable "$dataPersen"
#0 C:\xampp\htdocs\lifeq\system\Router\Router.php(175): CodeIgniter\Router\Router->autoRoute('Cpharris/AKE')
#1 C:\xampp\htdocs\lifeq\system\CodeIgniter.php(726): CodeIgniter\Router\Router->handle('Cpharris/AKE')
#2 C:\xampp\htdocs\lifeq\system\CodeIgniter.php(368): CodeIgniter\CodeIgniter->tryToRouteIt(Object(CodeIgniter\Router\RouteCollection))
#3 C:\xampp\htdocs\lifeq\system\CodeIgniter.php(326): CodeIgniter\CodeIgniter->handleRequest(NULL, Object(Config\Cache), false)
#4 C:\xampp\htdocs\lifeq\public\index.php(37): CodeIgniter\CodeIgniter->run()
#5 {main}
CRITICAL - 2022-07-02 02:34:16 --> syntax error, unexpected variable "$dataPersen"
#0 C:\xampp\htdocs\lifeq\system\Router\Router.php(175): CodeIgniter\Router\Router->autoRoute('Cpharris/AKE')
#1 C:\xampp\htdocs\lifeq\system\CodeIgniter.php(726): CodeIgniter\Router\Router->handle('Cpharris/AKE')
#2 C:\xampp\htdocs\lifeq\system\CodeIgniter.php(368): CodeIgniter\CodeIgniter->tryToRouteIt(Object(CodeIgniter\Router\RouteCollection))
#3 C:\xampp\htdocs\lifeq\system\CodeIgniter.php(326): CodeIgniter\CodeIgniter->handleRequest(NULL, Object(Config\Cache), false)
#4 C:\xampp\htdocs\lifeq\public\index.php(37): CodeIgniter\CodeIgniter->run()
#5 {main}
CRITICAL - 2022-07-02 02:34:35 --> syntax error, unexpected variable "$dataPersen"
#0 C:\xampp\htdocs\lifeq\system\Router\Router.php(175): CodeIgniter\Router\Router->autoRoute('Cpharris/AKE')
#1 C:\xampp\htdocs\lifeq\system\CodeIgniter.php(726): CodeIgniter\Router\Router->handle('Cpharris/AKE')
#2 C:\xampp\htdocs\lifeq\system\CodeIgniter.php(368): CodeIgniter\CodeIgniter->tryToRouteIt(Object(CodeIgniter\Router\RouteCollection))
#3 C:\xampp\htdocs\lifeq\system\CodeIgniter.php(326): CodeIgniter\CodeIgniter->handleRequest(NULL, Object(Config\Cache), false)
#4 C:\xampp\htdocs\lifeq\public\index.php(37): CodeIgniter\CodeIgniter->run()
#5 {main}
CRITICAL - 2022-07-02 02:37:10 --> syntax error, unexpected variable "$dataPersen"
#0 C:\xampp\htdocs\lifeq\system\Router\Router.php(175): CodeIgniter\Router\Router->autoRoute('Cpharris/AKE')
#1 C:\xampp\htdocs\lifeq\system\CodeIgniter.php(726): CodeIgniter\Router\Router->handle('Cpharris/AKE')
#2 C:\xampp\htdocs\lifeq\system\CodeIgniter.php(368): CodeIgniter\CodeIgniter->tryToRouteIt(Object(CodeIgniter\Router\RouteCollection))
#3 C:\xampp\htdocs\lifeq\system\CodeIgniter.php(326): CodeIgniter\CodeIgniter->handleRequest(NULL, Object(Config\Cache), false)
#4 C:\xampp\htdocs\lifeq\public\index.php(37): CodeIgniter\CodeIgniter->run()
#5 {main}
CRITICAL - 2022-07-02 02:39:19 --> Attempt to read property "KARBOHIDRAT" on string
#0 C:\xampp\htdocs\lifeq\app\Controllers\Cpharris.php(63): CodeIgniter\Debug\Exceptions->errorHandler(2, 'Attempt to read...', 'C:\\xampp\\htdocs...', 63)
#1 C:\xampp\htdocs\lifeq\system\CodeIgniter.php(832): App\Controllers\Cpharris->AKE()
#2 C:\xampp\htdocs\lifeq\system\CodeIgniter.php(419): CodeIgniter\CodeIgniter->runController(Object(App\Controllers\Cpharris))
#3 C:\xampp\htdocs\lifeq\system\CodeIgniter.php(326): CodeIgniter\CodeIgniter->handleRequest(NULL, Object(Config\Cache), false)
#4 C:\xampp\htdocs\lifeq\public\index.php(37): CodeIgniter\CodeIgniter->run()
#5 {main}
CRITICAL - 2022-07-02 02:39:40 --> Attempt to read property "ID_USER" on string
#0 C:\xampp\htdocs\lifeq\app\Controllers\Cpharris.php(63): CodeIgniter\Debug\Exceptions->errorHandler(2, 'Attempt to read...', 'C:\\xampp\\htdocs...', 63)
#1 C:\xampp\htdocs\lifeq\system\CodeIgniter.php(832): App\Controllers\Cpharris->AKE()
#2 C:\xampp\htdocs\lifeq\system\CodeIgniter.php(419): CodeIgniter\CodeIgniter->runController(Object(App\Controllers\Cpharris))
#3 C:\xampp\htdocs\lifeq\system\CodeIgniter.php(326): CodeIgniter\CodeIgniter->handleRequest(NULL, Object(Config\Cache), false)
#4 C:\xampp\htdocs\lifeq\public\index.php(37): CodeIgniter\CodeIgniter->run()
#5 {main}
CRITICAL - 2022-07-02 02:39:45 --> Attempt to read property "ID_USER" on string
#0 C:\xampp\htdocs\lifeq\app\Controllers\Cpharris.php(63): CodeIgniter\Debug\Exceptions->errorHandler(2, 'Attempt to read...', 'C:\\xampp\\htdocs...', 63)
#1 C:\xampp\htdocs\lifeq\system\CodeIgniter.php(832): App\Controllers\Cpharris->AKE()
#2 C:\xampp\htdocs\lifeq\system\CodeIgniter.php(419): CodeIgniter\CodeIgniter->runController(Object(App\Controllers\Cpharris))
#3 C:\xampp\htdocs\lifeq\system\CodeIgniter.php(326): CodeIgniter\CodeIgniter->handleRequest(NULL, Object(Config\Cache), false)
#4 C:\xampp\htdocs\lifeq\public\index.php(37): CodeIgniter\CodeIgniter->run()
#5 {main}
CRITICAL - 2022-07-02 02:39:46 --> Attempt to read property "ID_USER" on string
#0 C:\xampp\htdocs\lifeq\app\Controllers\Cpharris.php(63): CodeIgniter\Debug\Exceptions->errorHandler(2, 'Attempt to read...', 'C:\\xampp\\htdocs...', 63)
#1 C:\xampp\htdocs\lifeq\system\CodeIgniter.php(832): App\Controllers\Cpharris->AKE()
#2 C:\xampp\htdocs\lifeq\system\CodeIgniter.php(419): CodeIgniter\CodeIgniter->runController(Object(App\Controllers\Cpharris))
#3 C:\xampp\htdocs\lifeq\system\CodeIgniter.php(326): CodeIgniter\CodeIgniter->handleRequest(NULL, Object(Config\Cache), false)
#4 C:\xampp\htdocs\lifeq\public\index.php(37): CodeIgniter\CodeIgniter->run()
#5 {main}
CRITICAL - 2022-07-02 02:40:19 --> Undefined constant "App\Controllers\ID_USER"
#0 C:\xampp\htdocs\lifeq\system\CodeIgniter.php(832): App\Controllers\Cpharris->AKE()
#1 C:\xampp\htdocs\lifeq\system\CodeIgniter.php(419): CodeIgniter\CodeIgniter->runController(Object(App\Controllers\Cpharris))
#2 C:\xampp\htdocs\lifeq\system\CodeIgniter.php(326): CodeIgniter\CodeIgniter->handleRequest(NULL, Object(Config\Cache), false)
#3 C:\xampp\htdocs\lifeq\public\index.php(37): CodeIgniter\CodeIgniter->run()
#4 {main}
CRITICAL - 2022-07-02 02:41:16 --> Object of type stdClass is not callable
#0 C:\xampp\htdocs\lifeq\system\CodeIgniter.php(832): App\Controllers\Cpharris->AKE()
#1 C:\xampp\htdocs\lifeq\system\CodeIgniter.php(419): CodeIgniter\CodeIgniter->runController(Object(App\Controllers\Cpharris))
#2 C:\xampp\htdocs\lifeq\system\CodeIgniter.php(326): CodeIgniter\CodeIgniter->handleRequest(NULL, Object(Config\Cache), false)
#3 C:\xampp\htdocs\lifeq\public\index.php(37): CodeIgniter\CodeIgniter->run()
#4 {main}
CRITICAL - 2022-07-02 02:41:26 --> Cannot use object of type stdClass as array
#0 C:\xampp\htdocs\lifeq\system\CodeIgniter.php(832): App\Controllers\Cpharris->AKE()
#1 C:\xampp\htdocs\lifeq\system\CodeIgniter.php(419): CodeIgniter\CodeIgniter->runController(Object(App\Controllers\Cpharris))
#2 C:\xampp\htdocs\lifeq\system\CodeIgniter.php(326): CodeIgniter\CodeIgniter->handleRequest(NULL, Object(Config\Cache), false)
#3 C:\xampp\htdocs\lifeq\public\index.php(37): CodeIgniter\CodeIgniter->run()
#4 {main}
CRITICAL - 2022-07-02 02:41:26 --> Cannot use object of type stdClass as array
#0 C:\xampp\htdocs\lifeq\system\CodeIgniter.php(832): App\Controllers\Cpharris->AKE()
#1 C:\xampp\htdocs\lifeq\system\CodeIgniter.php(419): CodeIgniter\CodeIgniter->runController(Object(App\Controllers\Cpharris))
#2 C:\xampp\htdocs\lifeq\system\CodeIgniter.php(326): CodeIgniter\CodeIgniter->handleRequest(NULL, Object(Config\Cache), false)
#3 C:\xampp\htdocs\lifeq\public\index.php(37): CodeIgniter\CodeIgniter->run()
#4 {main}
CRITICAL - 2022-07-02 02:42:24 --> Cannot use object of type stdClass as array
#0 C:\xampp\htdocs\lifeq\system\CodeIgniter.php(832): App\Controllers\Cpharris->AKE()
#1 C:\xampp\htdocs\lifeq\system\CodeIgniter.php(419): CodeIgniter\CodeIgniter->runController(Object(App\Controllers\Cpharris))
#2 C:\xampp\htdocs\lifeq\system\CodeIgniter.php(326): CodeIgniter\CodeIgniter->handleRequest(NULL, Object(Config\Cache), false)
#3 C:\xampp\htdocs\lifeq\public\index.php(37): CodeIgniter\CodeIgniter->run()
#4 {main}
CRITICAL - 2022-07-02 02:42:25 --> Cannot use object of type stdClass as array
#0 C:\xampp\htdocs\lifeq\system\CodeIgniter.php(832): App\Controllers\Cpharris->AKE()
#1 C:\xampp\htdocs\lifeq\system\CodeIgniter.php(419): CodeIgniter\CodeIgniter->runController(Object(App\Controllers\Cpharris))
#2 C:\xampp\htdocs\lifeq\system\CodeIgniter.php(326): CodeIgniter\CodeIgniter->handleRequest(NULL, Object(Config\Cache), false)
#3 C:\xampp\htdocs\lifeq\public\index.php(37): CodeIgniter\CodeIgniter->run()
#4 {main}
CRITICAL - 2022-07-02 02:42:31 --> Attempt to read property "ID_USER" on string
#0 C:\xampp\htdocs\lifeq\app\Controllers\Cpharris.php(62): CodeIgniter\Debug\Exceptions->errorHandler(2, 'Attempt to read...', 'C:\\xampp\\htdocs...', 62)
#1 C:\xampp\htdocs\lifeq\system\CodeIgniter.php(832): App\Controllers\Cpharris->AKE()
#2 C:\xampp\htdocs\lifeq\system\CodeIgniter.php(419): CodeIgniter\CodeIgniter->runController(Object(App\Controllers\Cpharris))
#3 C:\xampp\htdocs\lifeq\system\CodeIgniter.php(326): CodeIgniter\CodeIgniter->handleRequest(NULL, Object(Config\Cache), false)
#4 C:\xampp\htdocs\lifeq\public\index.php(37): CodeIgniter\CodeIgniter->run()
#5 {main}
CRITICAL - 2022-07-02 02:42:58 --> syntax error, unexpected token "}"
#0 C:\xampp\htdocs\lifeq\system\Router\Router.php(175): CodeIgniter\Router\Router->autoRoute('Cpharris/AKE')
#1 C:\xampp\htdocs\lifeq\system\CodeIgniter.php(726): CodeIgniter\Router\Router->handle('Cpharris/AKE')
#2 C:\xampp\htdocs\lifeq\system\CodeIgniter.php(368): CodeIgniter\CodeIgniter->tryToRouteIt(Object(CodeIgniter\Router\RouteCollection))
#3 C:\xampp\htdocs\lifeq\system\CodeIgniter.php(326): CodeIgniter\CodeIgniter->handleRequest(NULL, Object(Config\Cache), false)
#4 C:\xampp\htdocs\lifeq\public\index.php(37): CodeIgniter\CodeIgniter->run()
#5 {main}
CRITICAL - 2022-07-02 02:43:03 --> Attempt to read property "ID_USER" on string
#0 C:\xampp\htdocs\lifeq\app\Controllers\Cpharris.php(62): CodeIgniter\Debug\Exceptions->errorHandler(2, 'Attempt to read...', 'C:\\xampp\\htdocs...', 62)
#1 C:\xampp\htdocs\lifeq\system\CodeIgniter.php(832): App\Controllers\Cpharris->AKE()
#2 C:\xampp\htdocs\lifeq\system\CodeIgniter.php(419): CodeIgniter\CodeIgniter->runController(Object(App\Controllers\Cpharris))
#3 C:\xampp\htdocs\lifeq\system\CodeIgniter.php(326): CodeIgniter\CodeIgniter->handleRequest(NULL, Object(Config\Cache), false)
#4 C:\xampp\htdocs\lifeq\public\index.php(37): CodeIgniter\CodeIgniter->run()
#5 {main}
CRITICAL - 2022-07-02 02:43:07 --> syntax error, unexpected token "}"
#0 C:\xampp\htdocs\lifeq\system\Router\Router.php(175): CodeIgniter\Router\Router->autoRoute('Cpharris/AKE')
#1 C:\xampp\htdocs\lifeq\system\CodeIgniter.php(726): CodeIgniter\Router\Router->handle('Cpharris/AKE')
#2 C:\xampp\htdocs\lifeq\system\CodeIgniter.php(368): CodeIgniter\CodeIgniter->tryToRouteIt(Object(CodeIgniter\Router\RouteCollection))
#3 C:\xampp\htdocs\lifeq\system\CodeIgniter.php(326): CodeIgniter\CodeIgniter->handleRequest(NULL, Object(Config\Cache), false)
#4 C:\xampp\htdocs\lifeq\public\index.php(37): CodeIgniter\CodeIgniter->run()
#5 {main}
CRITICAL - 2022-07-02 02:43:21 --> syntax error, unexpected token "}"
#0 C:\xampp\htdocs\lifeq\system\Router\Router.php(175): CodeIgniter\Router\Router->autoRoute('Cpharris/AKE')
#1 C:\xampp\htdocs\lifeq\system\CodeIgniter.php(726): CodeIgniter\Router\Router->handle('Cpharris/AKE')
#2 C:\xampp\htdocs\lifeq\system\CodeIgniter.php(368): CodeIgniter\CodeIgniter->tryToRouteIt(Object(CodeIgniter\Router\RouteCollection))
#3 C:\xampp\htdocs\lifeq\system\CodeIgniter.php(326): CodeIgniter\CodeIgniter->handleRequest(NULL, Object(Config\Cache), false)
#4 C:\xampp\htdocs\lifeq\public\index.php(37): CodeIgniter\CodeIgniter->run()
#5 {main}
CRITICAL - 2022-07-02 02:43:25 --> syntax error, unexpected token "}"
#0 C:\xampp\htdocs\lifeq\system\Router\Router.php(175): CodeIgniter\Router\Router->autoRoute('Cpharris/AKE')
#1 C:\xampp\htdocs\lifeq\system\CodeIgniter.php(726): CodeIgniter\Router\Router->handle('Cpharris/AKE')
#2 C:\xampp\htdocs\lifeq\system\CodeIgniter.php(368): CodeIgniter\CodeIgniter->tryToRouteIt(Object(CodeIgniter\Router\RouteCollection))
#3 C:\xampp\htdocs\lifeq\system\CodeIgniter.php(326): CodeIgniter\CodeIgniter->handleRequest(NULL, Object(Config\Cache), false)
#4 C:\xampp\htdocs\lifeq\public\index.php(37): CodeIgniter\CodeIgniter->run()
#5 {main}
CRITICAL - 2022-07-02 02:50:55 --> Undefined variable $id_user
#0 C:\xampp\htdocs\lifeq\app\Views\lifeq\Harris.php(147): CodeIgniter\Debug\Exceptions->errorHandler(2, 'Undefined varia...', 'C:\\xampp\\htdocs...', 147)
#1 C:\xampp\htdocs\lifeq\system\View\View.php(210): include('C:\\xampp\\htdocs...')
#2 C:\xampp\htdocs\lifeq\system\View\View.php(213): CodeIgniter\View\View->CodeIgniter\View\{closure}()
#3 C:\xampp\htdocs\lifeq\system\Common.php(1089): CodeIgniter\View\View->render('lifeq/Harris', Array, true)
#4 C:\xampp\htdocs\lifeq\app\Controllers\Cpharris.php(97): view('lifeq/Harris', Array)
#5 C:\xampp\htdocs\lifeq\system\CodeIgniter.php(832): App\Controllers\Cpharris->AKE()
#6 C:\xampp\htdocs\lifeq\system\CodeIgniter.php(419): CodeIgniter\CodeIgniter->runController(Object(App\Controllers\Cpharris))
#7 C:\xampp\htdocs\lifeq\system\CodeIgniter.php(326): CodeIgniter\CodeIgniter->handleRequest(NULL, Object(Config\Cache), false)
#8 C:\xampp\htdocs\lifeq\public\index.php(37): CodeIgniter\CodeIgniter->run()
#9 {main}
CRITICAL - 2022-07-02 02:51:09 --> Undefined variable $id_user
#0 C:\xampp\htdocs\lifeq\app\Views\lifeq\Harris.php(147): CodeIgniter\Debug\Exceptions->errorHandler(2, 'Undefined varia...', 'C:\\xampp\\htdocs...', 147)
#1 C:\xampp\htdocs\lifeq\system\View\View.php(210): include('C:\\xampp\\htdocs...')
#2 C:\xampp\htdocs\lifeq\system\View\View.php(213): CodeIgniter\View\View->CodeIgniter\View\{closure}()
#3 C:\xampp\htdocs\lifeq\system\Common.php(1089): CodeIgniter\View\View->render('lifeq/Harris', Array, true)
#4 C:\xampp\htdocs\lifeq\app\Controllers\Cpharris.php(97): view('lifeq/Harris', Array)
#5 C:\xampp\htdocs\lifeq\system\CodeIgniter.php(832): App\Controllers\Cpharris->AKE()
#6 C:\xampp\htdocs\lifeq\system\CodeIgniter.php(419): CodeIgniter\CodeIgniter->runController(Object(App\Controllers\Cpharris))
#7 C:\xampp\htdocs\lifeq\system\CodeIgniter.php(326): CodeIgniter\CodeIgniter->handleRequest(NULL, Object(Config\Cache), false)
#8 C:\xampp\htdocs\lifeq\public\index.php(37): CodeIgniter\CodeIgniter->run()
#9 {main}
CRITICAL - 2022-07-02 03:00:48 --> Call to undefined function App\Controllers\Persen()
#0 C:\xampp\htdocs\lifeq\system\CodeIgniter.php(832): App\Controllers\Cpharris->AKE()
#1 C:\xampp\htdocs\lifeq\system\CodeIgniter.php(419): CodeIgniter\CodeIgniter->runController(Object(App\Controllers\Cpharris))
#2 C:\xampp\htdocs\lifeq\system\CodeIgniter.php(326): CodeIgniter\CodeIgniter->handleRequest(NULL, Object(Config\Cache), false)
#3 C:\xampp\htdocs\lifeq\public\index.php(37): CodeIgniter\CodeIgniter->run()
#4 {main}
CRITICAL - 2022-07-02 03:01:32 --> Call to undefined function App\Controllers\Persen()
#0 C:\xampp\htdocs\lifeq\system\CodeIgniter.php(832): App\Controllers\Cpharris->AKE()
#1 C:\xampp\htdocs\lifeq\system\CodeIgniter.php(419): CodeIgniter\CodeIgniter->runController(Object(App\Controllers\Cpharris))
#2 C:\xampp\htdocs\lifeq\system\CodeIgniter.php(326): CodeIgniter\CodeIgniter->handleRequest(NULL, Object(Config\Cache), false)
#3 C:\xampp\htdocs\lifeq\public\index.php(37): CodeIgniter\CodeIgniter->run()
#4 {main}
CRITICAL - 2022-07-02 03:01:35 --> Undefined variable $id_user
#0 C:\xampp\htdocs\lifeq\app\Views\lifeq\Harris.php(147): CodeIgniter\Debug\Exceptions->errorHandler(2, 'Undefined varia...', 'C:\\xampp\\htdocs...', 147)
#1 C:\xampp\htdocs\lifeq\system\View\View.php(210): include('C:\\xampp\\htdocs...')
#2 C:\xampp\htdocs\lifeq\system\View\View.php(213): CodeIgniter\View\View->CodeIgniter\View\{closure}()
#3 C:\xampp\htdocs\lifeq\system\Common.php(1089): CodeIgniter\View\View->render('lifeq/Harris', Array, true)
#4 C:\xampp\htdocs\lifeq\app\Controllers\Cpharris.php(66): view('lifeq/Harris', Array)
#5 C:\xampp\htdocs\lifeq\system\CodeIgniter.php(832): App\Controllers\Cpharris->AKE()
#6 C:\xampp\htdocs\lifeq\system\CodeIgniter.php(419): CodeIgniter\CodeIgniter->runController(Object(App\Controllers\Cpharris))
#7 C:\xampp\htdocs\lifeq\system\CodeIgniter.php(326): CodeIgniter\CodeIgniter->handleRequest(NULL, Object(Config\Cache), false)
#8 C:\xampp\htdocs\lifeq\public\index.php(37): CodeIgniter\CodeIgniter->run()
#9 {main}
CRITICAL - 2022-07-02 03:02:21 --> Undefined variable $id_user
#0 C:\xampp\htdocs\lifeq\app\Views\lifeq\Harris.php(147): CodeIgniter\Debug\Exceptions->errorHandler(2, 'Undefined varia...', 'C:\\xampp\\htdocs...', 147)
#1 C:\xampp\htdocs\lifeq\system\View\View.php(210): include('C:\\xampp\\htdocs...')
#2 C:\xampp\htdocs\lifeq\system\View\View.php(213): CodeIgniter\View\View->CodeIgniter\View\{closure}()
#3 C:\xampp\htdocs\lifeq\system\Common.php(1089): CodeIgniter\View\View->render('lifeq/Harris', Array, true)
#4 C:\xampp\htdocs\lifeq\app\Controllers\Cpharris.php(66): view('lifeq/Harris', Array)
#5 C:\xampp\htdocs\lifeq\system\CodeIgniter.php(832): App\Controllers\Cpharris->AKE()
#6 C:\xampp\htdocs\lifeq\system\CodeIgniter.php(419): CodeIgniter\CodeIgniter->runController(Object(App\Controllers\Cpharris))
#7 C:\xampp\htdocs\lifeq\system\CodeIgniter.php(326): CodeIgniter\CodeIgniter->handleRequest(NULL, Object(Config\Cache), false)
#8 C:\xampp\htdocs\lifeq\public\index.php(37): CodeIgniter\CodeIgniter->run()
#9 {main}
CRITICAL - 2022-07-02 03:04:46 --> Undefined variable $SB
#0 C:\xampp\htdocs\lifeq\app\Views\lifeq\Harris.php(3): CodeIgniter\Debug\Exceptions->errorHandler(2, 'Undefined varia...', 'C:\\xampp\\htdocs...', 3)
#1 C:\xampp\htdocs\lifeq\system\View\View.php(210): include('C:\\xampp\\htdocs...')
#2 C:\xampp\htdocs\lifeq\system\View\View.php(213): CodeIgniter\View\View->CodeIgniter\View\{closure}()
#3 C:\xampp\htdocs\lifeq\system\Common.php(1089): CodeIgniter\View\View->render('lifeq/Harris', Array, true)
#4 C:\xampp\htdocs\lifeq\app\Controllers\Cpharris.php(66): view('lifeq/Harris', Array)
#5 C:\xampp\htdocs\lifeq\system\CodeIgniter.php(832): App\Controllers\Cpharris->AKE()
#6 C:\xampp\htdocs\lifeq\system\CodeIgniter.php(419): CodeIgniter\CodeIgniter->runController(Object(App\Controllers\Cpharris))
#7 C:\xampp\htdocs\lifeq\system\CodeIgniter.php(326): CodeIgniter\CodeIgniter->handleRequest(NULL, Object(Config\Cache), false)
#8 C:\xampp\htdocs\lifeq\public\index.php(37): CodeIgniter\CodeIgniter->run()
#9 {main}
CRITICAL - 2022-07-02 03:05:16 --> syntax error, unexpected token "echo"
#0 C:\xampp\htdocs\lifeq\system\View\View.php(213): CodeIgniter\View\View->CodeIgniter\View\{closure}()
#1 C:\xampp\htdocs\lifeq\system\Common.php(1089): CodeIgniter\View\View->render('lifeq/Harris', Array, true)
#2 C:\xampp\htdocs\lifeq\app\Controllers\Cpharris.php(66): view('lifeq/Harris', Array)
#3 C:\xampp\htdocs\lifeq\system\CodeIgniter.php(832): App\Controllers\Cpharris->AKE()
#4 C:\xampp\htdocs\lifeq\system\CodeIgniter.php(419): CodeIgniter\CodeIgniter->runController(Object(App\Controllers\Cpharris))
#5 C:\xampp\htdocs\lifeq\system\CodeIgniter.php(326): CodeIgniter\CodeIgniter->handleRequest(NULL, Object(Config\Cache), false)
#6 C:\xampp\htdocs\lifeq\public\index.php(37): CodeIgniter\CodeIgniter->run()
#7 {main}
CRITICAL - 2022-07-02 03:05:33 --> Undefined variable $DSB
#0 C:\xampp\htdocs\lifeq\app\Views\lifeq\Harris.php(3): CodeIgniter\Debug\Exceptions->errorHandler(2, 'Undefined varia...', 'C:\\xampp\\htdocs...', 3)
#1 C:\xampp\htdocs\lifeq\system\View\View.php(210): include('C:\\xampp\\htdocs...')
#2 C:\xampp\htdocs\lifeq\system\View\View.php(213): CodeIgniter\View\View->CodeIgniter\View\{closure}()
#3 C:\xampp\htdocs\lifeq\system\Common.php(1089): CodeIgniter\View\View->render('lifeq/Harris', Array, true)
#4 C:\xampp\htdocs\lifeq\app\Controllers\Cpharris.php(66): view('lifeq/Harris', Array)
#5 C:\xampp\htdocs\lifeq\system\CodeIgniter.php(832): App\Controllers\Cpharris->AKE()
#6 C:\xampp\htdocs\lifeq\system\CodeIgniter.php(419): CodeIgniter\CodeIgniter->runController(Object(App\Controllers\Cpharris))
#7 C:\xampp\htdocs\lifeq\system\CodeIgniter.php(326): CodeIgniter\CodeIgniter->handleRequest(NULL, Object(Config\Cache), false)
#8 C:\xampp\htdocs\lifeq\public\index.php(37): CodeIgniter\CodeIgniter->run()
#9 {main}
CRITICAL - 2022-07-02 03:05:51 --> Undefined variable $DSB
#0 C:\xampp\htdocs\lifeq\app\Views\lifeq\Harris.php(3): CodeIgniter\Debug\Exceptions->errorHandler(2, 'Undefined varia...', 'C:\\xampp\\htdocs...', 3)
#1 C:\xampp\htdocs\lifeq\system\View\View.php(210): include('C:\\xampp\\htdocs...')
#2 C:\xampp\htdocs\lifeq\system\View\View.php(213): CodeIgniter\View\View->CodeIgniter\View\{closure}()
#3 C:\xampp\htdocs\lifeq\system\Common.php(1089): CodeIgniter\View\View->render('lifeq/Harris', Array, true)
#4 C:\xampp\htdocs\lifeq\app\Controllers\Cpharris.php(66): view('lifeq/Harris', Array)
#5 C:\xampp\htdocs\lifeq\system\CodeIgniter.php(832): App\Controllers\Cpharris->AKE()
#6 C:\xampp\htdocs\lifeq\system\CodeIgniter.php(419): CodeIgniter\CodeIgniter->runController(Object(App\Controllers\Cpharris))
#7 C:\xampp\htdocs\lifeq\system\CodeIgniter.php(326): CodeIgniter\CodeIgniter->handleRequest(NULL, Object(Config\Cache), false)
#8 C:\xampp\htdocs\lifeq\public\index.php(37): CodeIgniter\CodeIgniter->run()
#9 {main}
CRITICAL - 2022-07-02 03:06:38 --> Undefined variable $DSB
#0 C:\xampp\htdocs\lifeq\app\Views\lifeq\Harris.php(87): CodeIgniter\Debug\Exceptions->errorHandler(2, 'Undefined varia...', 'C:\\xampp\\htdocs...', 87)
#1 C:\xampp\htdocs\lifeq\system\View\View.php(210): include('C:\\xampp\\htdocs...')
#2 C:\xampp\htdocs\lifeq\system\View\View.php(213): CodeIgniter\View\View->CodeIgniter\View\{closure}()
#3 C:\xampp\htdocs\lifeq\system\Common.php(1089): CodeIgniter\View\View->render('lifeq/Harris', Array, true)
#4 C:\xampp\htdocs\lifeq\app\Controllers\Cpharris.php(66): view('lifeq/Harris', Array)
#5 C:\xampp\htdocs\lifeq\system\CodeIgniter.php(832): App\Controllers\Cpharris->AKE()
#6 C:\xampp\htdocs\lifeq\system\CodeIgniter.php(419): CodeIgniter\CodeIgniter->runController(Object(App\Controllers\Cpharris))
#7 C:\xampp\htdocs\lifeq\system\CodeIgniter.php(326): CodeIgniter\CodeIgniter->handleRequest(NULL, Object(Config\Cache), false)
#8 C:\xampp\htdocs\lifeq\public\index.php(37): CodeIgniter\CodeIgniter->run()
#9 {main}
CRITICAL - 2022-07-02 03:07:11 --> syntax error, unexpected token "return"
#0 C:\xampp\htdocs\lifeq\system\Router\Router.php(175): CodeIgniter\Router\Router->autoRoute('Cpharris/AKE')
#1 C:\xampp\htdocs\lifeq\system\CodeIgniter.php(726): CodeIgniter\Router\Router->handle('Cpharris/AKE')
#2 C:\xampp\htdocs\lifeq\system\CodeIgniter.php(368): CodeIgniter\CodeIgniter->tryToRouteIt(Object(CodeIgniter\Router\RouteCollection))
#3 C:\xampp\htdocs\lifeq\system\CodeIgniter.php(326): CodeIgniter\CodeIgniter->handleRequest(NULL, Object(Config\Cache), false)
#4 C:\xampp\htdocs\lifeq\public\index.php(37): CodeIgniter\CodeIgniter->run()
#5 {main}
CRITICAL - 2022-07-02 03:16:11 --> syntax error, unexpected token ","
#0 C:\xampp\htdocs\lifeq\system\Router\Router.php(175): CodeIgniter\Router\Router->autoRoute('Cpharris/AKE')
#1 C:\xampp\htdocs\lifeq\system\CodeIgniter.php(726): CodeIgniter\Router\Router->handle('Cpharris/AKE')
#2 C:\xampp\htdocs\lifeq\system\CodeIgniter.php(368): CodeIgniter\CodeIgniter->tryToRouteIt(Object(CodeIgniter\Router\RouteCollection))
#3 C:\xampp\htdocs\lifeq\system\CodeIgniter.php(326): CodeIgniter\CodeIgniter->handleRequest(NULL, Object(Config\Cache), false)
#4 C:\xampp\htdocs\lifeq\public\index.php(37): CodeIgniter\CodeIgniter->run()
#5 {main}
CRITICAL - 2022-07-02 03:16:25 --> Undefined array key "SB"
#0 C:\xampp\htdocs\lifeq\app\Controllers\Cpharris.php(61): CodeIgniter\Debug\Exceptions->errorHandler(2, 'Undefined array...', 'C:\\xampp\\htdocs...', 61)
#1 C:\xampp\htdocs\lifeq\system\CodeIgniter.php(832): App\Controllers\Cpharris->AKE()
#2 C:\xampp\htdocs\lifeq\system\CodeIgniter.php(419): CodeIgniter\CodeIgniter->runController(Object(App\Controllers\Cpharris))
#3 C:\xampp\htdocs\lifeq\system\CodeIgniter.php(326): CodeIgniter\CodeIgniter->handleRequest(NULL, Object(Config\Cache), false)
#4 C:\xampp\htdocs\lifeq\public\index.php(37): CodeIgniter\CodeIgniter->run()
#5 {main}
CRITICAL - 2022-07-02 03:16:35 --> Attempt to read property "KARBOHIDRAT" on array
#0 C:\xampp\htdocs\lifeq\app\Controllers\Cpharris.php(62): CodeIgniter\Debug\Exceptions->errorHandler(2, 'Attempt to read...', 'C:\\xampp\\htdocs...', 62)
#1 C:\xampp\htdocs\lifeq\system\CodeIgniter.php(832): App\Controllers\Cpharris->AKE()
#2 C:\xampp\htdocs\lifeq\system\CodeIgniter.php(419): CodeIgniter\CodeIgniter->runController(Object(App\Controllers\Cpharris))
#3 C:\xampp\htdocs\lifeq\system\CodeIgniter.php(326): CodeIgniter\CodeIgniter->handleRequest(NULL, Object(Config\Cache), false)
#4 C:\xampp\htdocs\lifeq\public\index.php(37): CodeIgniter\CodeIgniter->run()
#5 {main}
CRITICAL - 2022-07-02 03:16:42 --> syntax error, unexpected token ","
#0 C:\xampp\htdocs\lifeq\system\Router\Router.php(175): CodeIgniter\Router\Router->autoRoute('Cpharris/AKE')
#1 C:\xampp\htdocs\lifeq\system\CodeIgniter.php(726): CodeIgniter\Router\Router->handle('Cpharris/AKE')
#2 C:\xampp\htdocs\lifeq\system\CodeIgniter.php(368): CodeIgniter\CodeIgniter->tryToRouteIt(Object(CodeIgniter\Router\RouteCollection))
#3 C:\xampp\htdocs\lifeq\system\CodeIgniter.php(326): CodeIgniter\CodeIgniter->handleRequest(NULL, Object(Config\Cache), false)
#4 C:\xampp\htdocs\lifeq\public\index.php(37): CodeIgniter\CodeIgniter->run()
#5 {main}
CRITICAL - 2022-07-02 03:16:50 --> syntax error, unexpected token ","
#0 C:\xampp\htdocs\lifeq\system\Router\Router.php(175): CodeIgniter\Router\Router->autoRoute('Cpharris/AKE')
#1 C:\xampp\htdocs\lifeq\system\CodeIgniter.php(726): CodeIgniter\Router\Router->handle('Cpharris/AKE')
#2 C:\xampp\htdocs\lifeq\system\CodeIgniter.php(368): CodeIgniter\CodeIgniter->tryToRouteIt(Object(CodeIgniter\Router\RouteCollection))
#3 C:\xampp\htdocs\lifeq\system\CodeIgniter.php(326): CodeIgniter\CodeIgniter->handleRequest(NULL, Object(Config\Cache), false)
#4 C:\xampp\htdocs\lifeq\public\index.php(37): CodeIgniter\CodeIgniter->run()
#5 {main}
CRITICAL - 2022-07-02 03:16:51 --> syntax error, unexpected token ","
#0 C:\xampp\htdocs\lifeq\system\Router\Router.php(175): CodeIgniter\Router\Router->autoRoute('Cpharris/AKE')
#1 C:\xampp\htdocs\lifeq\system\CodeIgniter.php(726): CodeIgniter\Router\Router->handle('Cpharris/AKE')
#2 C:\xampp\htdocs\lifeq\system\CodeIgniter.php(368): CodeIgniter\CodeIgniter->tryToRouteIt(Object(CodeIgniter\Router\RouteCollection))
#3 C:\xampp\htdocs\lifeq\system\CodeIgniter.php(326): CodeIgniter\CodeIgniter->handleRequest(NULL, Object(Config\Cache), false)
#4 C:\xampp\htdocs\lifeq\public\index.php(37): CodeIgniter\CodeIgniter->run()
#5 {main}
CRITICAL - 2022-07-02 03:16:55 --> syntax error, unexpected variable "$HL"
#0 C:\xampp\htdocs\lifeq\system\Router\Router.php(175): CodeIgniter\Router\Router->autoRoute('Cpharris/AKE')
#1 C:\xampp\htdocs\lifeq\system\CodeIgniter.php(726): CodeIgniter\Router\Router->handle('Cpharris/AKE')
#2 C:\xampp\htdocs\lifeq\system\CodeIgniter.php(368): CodeIgniter\CodeIgniter->tryToRouteIt(Object(CodeIgniter\Router\RouteCollection))
#3 C:\xampp\htdocs\lifeq\system\CodeIgniter.php(326): CodeIgniter\CodeIgniter->handleRequest(NULL, Object(Config\Cache), false)
#4 C:\xampp\htdocs\lifeq\public\index.php(37): CodeIgniter\CodeIgniter->run()
#5 {main}
CRITICAL - 2022-07-02 03:17:18 --> Attempt to read property "KARBOHIDRAT" on array
#0 C:\xampp\htdocs\lifeq\app\Controllers\Cpharris.php(62): CodeIgniter\Debug\Exceptions->errorHandler(2, 'Attempt to read...', 'C:\\xampp\\htdocs...', 62)
#1 C:\xampp\htdocs\lifeq\system\CodeIgniter.php(832): App\Controllers\Cpharris->AKE()
#2 C:\xampp\htdocs\lifeq\system\CodeIgniter.php(419): CodeIgniter\CodeIgniter->runController(Object(App\Controllers\Cpharris))
#3 C:\xampp\htdocs\lifeq\system\CodeIgniter.php(326): CodeIgniter\CodeIgniter->handleRequest(NULL, Object(Config\Cache), false)
#4 C:\xampp\htdocs\lifeq\public\index.php(37): CodeIgniter\CodeIgniter->run()
#5 {main}
CRITICAL - 2022-07-02 03:17:27 --> Attempt to read property "KARBOHIDRAT" on array
#0 C:\xampp\htdocs\lifeq\app\Controllers\Cpharris.php(62): CodeIgniter\Debug\Exceptions->errorHandler(2, 'Attempt to read...', 'C:\\xampp\\htdocs...', 62)
#1 C:\xampp\htdocs\lifeq\system\CodeIgniter.php(832): App\Controllers\Cpharris->AKE()
#2 C:\xampp\htdocs\lifeq\system\CodeIgniter.php(419): CodeIgniter\CodeIgniter->runController(Object(App\Controllers\Cpharris))
#3 C:\xampp\htdocs\lifeq\system\CodeIgniter.php(326): CodeIgniter\CodeIgniter->handleRequest(NULL, Object(Config\Cache), false)
#4 C:\xampp\htdocs\lifeq\public\index.php(37): CodeIgniter\CodeIgniter->run()
#5 {main}
CRITICAL - 2022-07-02 03:17:34 --> Attempt to read property "KARBOHIDRAT" on array
#0 C:\xampp\htdocs\lifeq\app\Controllers\Cpharris.php(62): CodeIgniter\Debug\Exceptions->errorHandler(2, 'Attempt to read...', 'C:\\xampp\\htdocs...', 62)
#1 C:\xampp\htdocs\lifeq\system\CodeIgniter.php(832): App\Controllers\Cpharris->AKE()
#2 C:\xampp\htdocs\lifeq\system\CodeIgniter.php(419): CodeIgniter\CodeIgniter->runController(Object(App\Controllers\Cpharris))
#3 C:\xampp\htdocs\lifeq\system\CodeIgniter.php(326): CodeIgniter\CodeIgniter->handleRequest(NULL, Object(Config\Cache), false)
#4 C:\xampp\htdocs\lifeq\public\index.php(37): CodeIgniter\CodeIgniter->run()
#5 {main}
CRITICAL - 2022-07-02 03:17:34 --> Attempt to read property "KARBOHIDRAT" on array
#0 C:\xampp\htdocs\lifeq\app\Controllers\Cpharris.php(62): CodeIgniter\Debug\Exceptions->errorHandler(2, 'Attempt to read...', 'C:\\xampp\\htdocs...', 62)
#1 C:\xampp\htdocs\lifeq\system\CodeIgniter.php(832): App\Controllers\Cpharris->AKE()
#2 C:\xampp\htdocs\lifeq\system\CodeIgniter.php(419): CodeIgniter\CodeIgniter->runController(Object(App\Controllers\Cpharris))
#3 C:\xampp\htdocs\lifeq\system\CodeIgniter.php(326): CodeIgniter\CodeIgniter->handleRequest(NULL, Object(Config\Cache), false)
#4 C:\xampp\htdocs\lifeq\public\index.php(37): CodeIgniter\CodeIgniter->run()
#5 {main}
CRITICAL - 2022-07-02 03:48:29 --> syntax error, unexpected token ")"
#0 C:\xampp\htdocs\lifeq\system\Autoloader\Autoloader.php(241): CodeIgniter\Autoloader\Autoloader->includeFile('C:\\xampp\\htdocs...')
#1 C:\xampp\htdocs\lifeq\system\Autoloader\Autoloader.php(219): CodeIgniter\Autoloader\Autoloader->loadInNamespace('App\\Models\\M_Pe...')
#2 C:\xampp\htdocs\lifeq\app\Controllers\Cpharris.php(17): CodeIgniter\Autoloader\Autoloader->loadClass('App\\Models\\M_Pe...')
#3 C:\xampp\htdocs\lifeq\system\CodeIgniter.php(809): App\Controllers\Cpharris->__construct()
#4 C:\xampp\htdocs\lifeq\system\CodeIgniter.php(410): CodeIgniter\CodeIgniter->createController()
#5 C:\xampp\htdocs\lifeq\system\CodeIgniter.php(326): CodeIgniter\CodeIgniter->handleRequest(NULL, Object(Config\Cache), false)
#6 C:\xampp\htdocs\lifeq\public\index.php(37): CodeIgniter\CodeIgniter->run()
#7 {main}
CRITICAL - 2022-07-02 03:53:47 --> syntax error, unexpected token "break", expecting ";"
#0 C:\xampp\htdocs\lifeq\system\Autoloader\Autoloader.php(241): CodeIgniter\Autoloader\Autoloader->includeFile('C:\\xampp\\htdocs...')
#1 C:\xampp\htdocs\lifeq\system\Autoloader\Autoloader.php(219): CodeIgniter\Autoloader\Autoloader->loadInNamespace('App\\Models\\M_Pe...')
#2 C:\xampp\htdocs\lifeq\app\Controllers\Cpharris.php(17): CodeIgniter\Autoloader\Autoloader->loadClass('App\\Models\\M_Pe...')
#3 C:\xampp\htdocs\lifeq\system\CodeIgniter.php(809): App\Controllers\Cpharris->__construct()
#4 C:\xampp\htdocs\lifeq\system\CodeIgniter.php(410): CodeIgniter\CodeIgniter->createController()
#5 C:\xampp\htdocs\lifeq\system\CodeIgniter.php(326): CodeIgniter\CodeIgniter->handleRequest(NULL, Object(Config\Cache), false)
#6 C:\xampp\htdocs\lifeq\public\index.php(37): CodeIgniter\CodeIgniter->run()
#7 {main}
CRITICAL - 2022-07-02 03:56:24 --> Undefined array key "HK"
#0 C:\xampp\htdocs\lifeq\app\Controllers\Cpharris.php(68): CodeIgniter\Debug\Exceptions->errorHandler(2, 'Undefined array...', 'C:\\xampp\\htdocs...', 68)
#1 C:\xampp\htdocs\lifeq\system\CodeIgniter.php(832): App\Controllers\Cpharris->AKE()
#2 C:\xampp\htdocs\lifeq\system\CodeIgniter.php(419): CodeIgniter\CodeIgniter->runController(Object(App\Controllers\Cpharris))
#3 C:\xampp\htdocs\lifeq\system\CodeIgniter.php(326): CodeIgniter\CodeIgniter->handleRequest(NULL, Object(Config\Cache), false)
#4 C:\xampp\htdocs\lifeq\public\index.php(37): CodeIgniter\CodeIgniter->run()
#5 {main}
ERROR - 2022-07-02 10:26:16 --> Error connecting to the database: Access denied for user '****'@'localhost' (using password: NO)
CRITICAL - 2022-07-02 10:26:16 --> Unable to connect to the database.
Main connection [MySQLi]: Access denied for user '****'@'localhost' (using password: NO)
#0 C:\xampp\htdocs\lifeq\system\Database\BaseConnection.php(577): CodeIgniter\Database\BaseConnection->initialize()
#1 C:\xampp\htdocs\lifeq\system\Database\BaseBuilder.php(1455): CodeIgniter\Database\BaseConnection->query('SELECT *\nFROM `...', Array, false)
#2 C:\xampp\htdocs\lifeq\system\Model.php(183): CodeIgniter\Database\BaseBuilder->get()
#3 C:\xampp\htdocs\lifeq\system\BaseModel.php(584): CodeIgniter\Model->doFindAll(0, 0)
#4 C:\xampp\htdocs\lifeq\app\Controllers\Cuser.php(16): CodeIgniter\BaseModel->findAll()
#5 C:\xampp\htdocs\lifeq\system\CodeIgniter.php(832): App\Controllers\Cuser->index()
#6 C:\xampp\htdocs\lifeq\system\CodeIgniter.php(419): CodeIgniter\CodeIgniter->runController(Object(App\Controllers\Cuser))
#7 C:\xampp\htdocs\lifeq\system\CodeIgniter.php(326): CodeIgniter\CodeIgniter->handleRequest(NULL, Object(Config\Cache), false)
#8 C:\xampp\htdocs\lifeq\public\index.php(37): CodeIgniter\CodeIgniter->run()
#9 {main}
CRITICAL - 2022-07-02 10:34:31 --> Undefined variable $hasilP
#0 C:\xampp\htdocs\lifeq\app\Views\lifeq\Harris.php(87): CodeIgniter\Debug\Exceptions->errorHandler(2, 'Undefined varia...', 'C:\\xampp\\htdocs...', 87)
#1 C:\xampp\htdocs\lifeq\system\View\View.php(210): include('C:\\xampp\\htdocs...')
#2 C:\xampp\htdocs\lifeq\system\View\View.php(213): CodeIgniter\View\View->CodeIgniter\View\{closure}()
#3 C:\xampp\htdocs\lifeq\system\Common.php(1089): CodeIgniter\View\View->render('lifeq/Harris', Array, true)
#4 C:\xampp\htdocs\lifeq\app\Controllers\Cpharris.php(70): view('lifeq/Harris', Array)
#5 C:\xampp\htdocs\lifeq\system\CodeIgniter.php(832): App\Controllers\Cpharris->AKE()
#6 C:\xampp\htdocs\lifeq\system\CodeIgniter.php(419): CodeIgniter\CodeIgniter->runController(Object(App\Controllers\Cpharris))
#7 C:\xampp\htdocs\lifeq\system\CodeIgniter.php(326): CodeIgniter\CodeIgniter->handleRequest(NULL, Object(Config\Cache), false)
#8 C:\xampp\htdocs\lifeq\public\index.php(37): CodeIgniter\CodeIgniter->run()
#9 {main}
CRITICAL - 2022-07-02 10:47:45 --> Undefined variable $hasilP
#0 C:\xampp\htdocs\lifeq\app\Views\lifeq\Harris.php(163): CodeIgniter\Debug\Exceptions->errorHandler(2, 'Undefined varia...', 'C:\\xampp\\htdocs...', 163)
#1 C:\xampp\htdocs\lifeq\system\View\View.php(210): include('C:\\xampp\\htdocs...')
#2 C:\xampp\htdocs\lifeq\system\View\View.php(213): CodeIgniter\View\View->CodeIgniter\View\{closure}()
#3 C:\xampp\htdocs\lifeq\system\Common.php(1089): CodeIgniter\View\View->render('lifeq/Harris', Array, true)
#4 C:\xampp\htdocs\lifeq\app\Controllers\Cpharris.php(70): view('lifeq/Harris', Array)
#5 C:\xampp\htdocs\lifeq\system\CodeIgniter.php(832): App\Controllers\Cpharris->AKE()
#6 C:\xampp\htdocs\lifeq\system\CodeIgniter.php(419): CodeIgniter\CodeIgniter->runController(Object(App\Controllers\Cpharris))
#7 C:\xampp\htdocs\lifeq\system\CodeIgniter.php(326): CodeIgniter\CodeIgniter->handleRequest(NULL, Object(Config\Cache), false)
#8 C:\xampp\htdocs\lifeq\public\index.php(37): CodeIgniter\CodeIgniter->run()
#9 {main}
CRITICAL - 2022-07-02 10:48:08 --> Undefined variable $hasilP
#0 C:\xampp\htdocs\lifeq\app\Views\lifeq\Harris.php(154): CodeIgniter\Debug\Exceptions->errorHandler(2, 'Undefined varia...', 'C:\\xampp\\htdocs...', 154)
#1 C:\xampp\htdocs\lifeq\system\View\View.php(210): include('C:\\xampp\\htdocs...')
#2 C:\xampp\htdocs\lifeq\system\View\View.php(213): CodeIgniter\View\View->CodeIgniter\View\{closure}()
#3 C:\xampp\htdocs\lifeq\system\Common.php(1089): CodeIgniter\View\View->render('lifeq/Harris', Array, true)
#4 C:\xampp\htdocs\lifeq\app\Controllers\Cpharris.php(70): view('lifeq/Harris', Array)
#5 C:\xampp\htdocs\lifeq\system\CodeIgniter.php(832): App\Controllers\Cpharris->AKE()
#6 C:\xampp\htdocs\lifeq\system\CodeIgniter.php(419): CodeIgniter\CodeIgniter->runController(Object(App\Controllers\Cpharris))
#7 C:\xampp\htdocs\lifeq\system\CodeIgniter.php(326): CodeIgniter\CodeIgniter->handleRequest(NULL, Object(Config\Cache), false)
#8 C:\xampp\htdocs\lifeq\public\index.php(37): CodeIgniter\CodeIgniter->run()
#9 {main}
CRITICAL - 2022-07-02 11:11:35 --> syntax error, unexpected token "echo"
#0 C:\xampp\htdocs\lifeq\system\View\View.php(213): CodeIgniter\View\View->CodeIgniter\View\{closure}()
#1 C:\xampp\htdocs\lifeq\system\Common.php(1089): CodeIgniter\View\View->render('lifeq/Harris', Array, true)
#2 C:\xampp\htdocs\lifeq\app\Controllers\Cpharris.php(70): view('lifeq/Harris', Array)
#3 C:\xampp\htdocs\lifeq\system\CodeIgniter.php(832): App\Controllers\Cpharris->AKE()
#4 C:\xampp\htdocs\lifeq\system\CodeIgniter.php(419): CodeIgniter\CodeIgniter->runController(Object(App\Controllers\Cpharris))
#5 C:\xampp\htdocs\lifeq\system\CodeIgniter.php(326): CodeIgniter\CodeIgniter->handleRequest(NULL, Object(Config\Cache), false)
#6 C:\xampp\htdocs\lifeq\public\index.php(37): CodeIgniter\CodeIgniter->run()
#7 {main}
CRITICAL - 2022-07-02 11:33:01 --> syntax error, unexpected token "echo"
#0 C:\xampp\htdocs\lifeq\system\View\View.php(213): CodeIgniter\View\View->CodeIgniter\View\{closure}()
#1 C:\xampp\htdocs\lifeq\system\Common.php(1089): CodeIgniter\View\View->render('lifeq/Harris', Array, true)
#2 C:\xampp\htdocs\lifeq\app\Controllers\Cpharris.php(70): view('lifeq/Harris', Array)
#3 C:\xampp\htdocs\lifeq\system\CodeIgniter.php(832): App\Controllers\Cpharris->AKE()
#4 C:\xampp\htdocs\lifeq\system\CodeIgniter.php(419): CodeIgniter\CodeIgniter->runController(Object(App\Controllers\Cpharris))
#5 C:\xampp\htdocs\lifeq\system\CodeIgniter.php(326): CodeIgniter\CodeIgniter->handleRequest(NULL, Object(Config\Cache), false)
#6 C:\xampp\htdocs\lifeq\public\index.php(37): CodeIgniter\CodeIgniter->run()
#7 {main}
CRITICAL - 2022-07-02 11:52:22 --> Cannot redeclare App\Models\M_Perhitungan_Harris::Persen()
#0 [internal function]: CodeIgniter\Debug\Exceptions->shutdownHandler()
#1 {main}
CRITICAL - 2022-07-02 11:52:33 --> Cannot redeclare App\Models\M_Perhitungan_Harris::Persen()
#0 [internal function]: CodeIgniter\Debug\Exceptions->shutdownHandler()
#1 {main}
CRITICAL - 2022-07-02 11:52:35 --> Cannot redeclare App\Models\M_Perhitungan_Harris::Persen()
#0 [internal function]: CodeIgniter\Debug\Exceptions->shutdownHandler()
#1 {main}
CRITICAL - 2022-07-02 11:52:39 --> Cannot redeclare App\Models\M_Perhitungan_Harris::Persen()
#0 [internal function]: CodeIgniter\Debug\Exceptions->shutdownHandler()
#1 {main}
CRITICAL - 2022-07-02 11:52:56 --> syntax error, unexpected token "echo"
#0 C:\xampp\htdocs\lifeq\system\View\View.php(213): CodeIgniter\View\View->CodeIgniter\View\{closure}()
#1 C:\xampp\htdocs\lifeq\system\Common.php(1089): CodeIgniter\View\View->render('lifeq/Harris', Array, true)
#2 C:\xampp\htdocs\lifeq\app\Controllers\Cpharris.php(71): view('lifeq/Harris', Array)
#3 C:\xampp\htdocs\lifeq\system\CodeIgniter.php(832): App\Controllers\Cpharris->AKE()
#4 C:\xampp\htdocs\lifeq\system\CodeIgniter.php(419): CodeIgniter\CodeIgniter->runController(Object(App\Controllers\Cpharris))
#5 C:\xampp\htdocs\lifeq\system\CodeIgniter.php(326): CodeIgniter\CodeIgniter->handleRequest(NULL, Object(Config\Cache), false)
#6 C:\xampp\htdocs\lifeq\public\index.php(37): CodeIgniter\CodeIgniter->run()
#7 {main}
CRITICAL - 2022-07-02 12:17:44 --> Undefined array key "HK"
#0 C:\xampp\htdocs\lifeq\app\Controllers\Cpharris.php(68): CodeIgniter\Debug\Exceptions->errorHandler(2, 'Undefined array...', 'C:\\xampp\\htdocs...', 68)
#1 C:\xampp\htdocs\lifeq\system\CodeIgniter.php(832): App\Controllers\Cpharris->AKE()
#2 C:\xampp\htdocs\lifeq\system\CodeIgniter.php(419): CodeIgniter\CodeIgniter->runController(Object(App\Controllers\Cpharris))
#3 C:\xampp\htdocs\lifeq\system\CodeIgniter.php(326): CodeIgniter\CodeIgniter->handleRequest(NULL, Object(Config\Cache), false)
#4 C:\xampp\htdocs\lifeq\public\index.php(37): CodeIgniter\CodeIgniter->run()
#5 {main}
CRITICAL - 2022-07-02 12:58:58 --> Attempt to read property "ID_STATUS" on string
#0 C:\xampp\htdocs\lifeq\app\Controllers\Cpharris.php(64): CodeIgniter\Debug\Exceptions->errorHandler(2, 'Attempt to read...', 'C:\\xampp\\htdocs...', 64)
#1 C:\xampp\htdocs\lifeq\system\CodeIgniter.php(832): App\Controllers\Cpharris->AKE()
#2 C:\xampp\htdocs\lifeq\system\CodeIgniter.php(419): CodeIgniter\CodeIgniter->runController(Object(App\Controllers\Cpharris))
#3 C:\xampp\htdocs\lifeq\system\CodeIgniter.php(326): CodeIgniter\CodeIgniter->handleRequest(NULL, Object(Config\Cache), false)
#4 C:\xampp\htdocs\lifeq\public\index.php(37): CodeIgniter\CodeIgniter->run()
#5 {main}
CRITICAL - 2022-07-02 13:19:13 --> Undefined variable $PersenKalori
#0 /Applications/MAMP/htdocs/lifeq/app/Views/lifeq/Vhome.php(95): CodeIgniter\Debug\Exceptions->errorHandler(2, 'Undefined varia...', '/Applications/M...', 95)
#1 /Applications/MAMP/htdocs/lifeq/system/View/View.php(210): include('/Applications/M...')
#2 /Applications/MAMP/htdocs/lifeq/system/View/View.php(213): CodeIgniter\View\View->CodeIgniter\View\{closure}()
#3 /Applications/MAMP/htdocs/lifeq/system/Common.php(1089): CodeIgniter\View\View->render('lifeq/Vhome', Array, true)
#4 /Applications/MAMP/htdocs/lifeq/app/Controllers/Cuser.php(21): view('lifeq/Vhome')
#5 /Applications/MAMP/htdocs/lifeq/system/CodeIgniter.php(832): App\Controllers\Cuser->home()
#6 /Applications/MAMP/htdocs/lifeq/system/CodeIgniter.php(419): CodeIgniter\CodeIgniter->runController(Object(App\Controllers\Cuser))
#7 /Applications/MAMP/htdocs/lifeq/system/CodeIgniter.php(326): CodeIgniter\CodeIgniter->handleRequest(NULL, Object(Config\Cache), false)
#8 /Applications/MAMP/htdocs/lifeq/public/index.php(37): CodeIgniter\CodeIgniter->run()
#9 {main}
CRITICAL - 2022-07-02 13:19:47 --> Undefined variable $PersenKalori
#0 /Applications/MAMP/htdocs/lifeq/app/Views/lifeq/Vhome.php(95): CodeIgniter\Debug\Exceptions->errorHandler(2, 'Undefined varia...', '/Applications/M...', 95)
#1 /Applications/MAMP/htdocs/lifeq/system/View/View.php(210): include('/Applications/M...')
#2 /Applications/MAMP/htdocs/lifeq/system/View/View.php(213): CodeIgniter\View\View->CodeIgniter\View\{closure}()
#3 /Applications/MAMP/htdocs/lifeq/system/Common.php(1089): CodeIgniter\View\View->render('lifeq/Vhome', Array, true)
#4 /Applications/MAMP/htdocs/lifeq/app/Controllers/Cuser.php(21): view('lifeq/Vhome')
#5 /Applications/MAMP/htdocs/lifeq/system/CodeIgniter.php(832): App\Controllers\Cuser->home()
#6 /Applications/MAMP/htdocs/lifeq/system/CodeIgniter.php(419): CodeIgniter\CodeIgniter->runController(Object(App\Controllers\Cuser))
#7 /Applications/MAMP/htdocs/lifeq/system/CodeIgniter.php(326): CodeIgniter\CodeIgniter->handleRequest(NULL, Object(Config\Cache), false)
#8 /Applications/MAMP/htdocs/lifeq/public/index.php(37): CodeIgniter\CodeIgniter->run()
#9 {main}
CRITICAL - 2022-07-02 13:20:24 --> Undefined variable $Persen
#0 /Applications/MAMP/htdocs/lifeq/app/Views/lifeq/Vhome.php(95): CodeIgniter\Debug\Exceptions->errorHandler(2, 'Undefined varia...', '/Applications/M...', 95)
#1 /Applications/MAMP/htdocs/lifeq/system/View/View.php(210): include('/Applications/M...')
#2 /Applications/MAMP/htdocs/lifeq/system/View/View.php(213): CodeIgniter\View\View->CodeIgniter\View\{closure}()
#3 /Applications/MAMP/htdocs/lifeq/system/Common.php(1089): CodeIgniter\View\View->render('lifeq/Vhome', Array, true)
#4 /Applications/MAMP/htdocs/lifeq/app/Controllers/Cuser.php(21): view('lifeq/Vhome')
#5 /Applications/MAMP/htdocs/lifeq/system/CodeIgniter.php(832): App\Controllers\Cuser->home()
#6 /Applications/MAMP/htdocs/lifeq/system/CodeIgniter.php(419): CodeIgniter\CodeIgniter->runController(Object(App\Controllers\Cuser))
#7 /Applications/MAMP/htdocs/lifeq/system/CodeIgniter.php(326): CodeIgniter\CodeIgniter->handleRequest(NULL, Object(Config\Cache), false)
#8 /Applications/MAMP/htdocs/lifeq/public/index.php(37): CodeIgniter\CodeIgniter->run()
#9 {main}
CRITICAL - 2022-07-02 13:22:42 --> Undefined variable $Persen
#0 /Applications/MAMP/htdocs/lifeq/app/Views/lifeq/Vhome.php(95): CodeIgniter\Debug\Exceptions->errorHandler(2, 'Undefined varia...', '/Applications/M...', 95)
#1 /Applications/MAMP/htdocs/lifeq/system/View/View.php(210): include('/Applications/M...')
#2 /Applications/MAMP/htdocs/lifeq/system/View/View.php(213): CodeIgniter\View\View->CodeIgniter\View\{closure}()
#3 /Applications/MAMP/htdocs/lifeq/system/Common.php(1089): CodeIgniter\View\View->render('lifeq/Vhome', Array, true)
#4 /Applications/MAMP/htdocs/lifeq/app/Controllers/Cuser.php(21): view('lifeq/Vhome')
#5 /Applications/MAMP/htdocs/lifeq/system/CodeIgniter.php(832): App\Controllers\Cuser->home()
#6 /Applications/MAMP/htdocs/lifeq/system/CodeIgniter.php(419): CodeIgniter\CodeIgniter->runController(Object(App\Controllers\Cuser))
#7 /Applications/MAMP/htdocs/lifeq/system/CodeIgniter.php(326): CodeIgniter\CodeIgniter->handleRequest(NULL, Object(Config\Cache), false)
#8 /Applications/MAMP/htdocs/lifeq/public/index.php(37): CodeIgniter\CodeIgniter->run()
#9 {main}
CRITICAL - 2022-07-02 13:22:42 --> Undefined variable $Persen
#0 /Applications/MAMP/htdocs/lifeq/app/Views/lifeq/Vhome.php(95): CodeIgniter\Debug\Exceptions->errorHandler(2, 'Undefined varia...', '/Applications/M...', 95)
#1 /Applications/MAMP/htdocs/lifeq/system/View/View.php(210): include('/Applications/M...')
#2 /Applications/MAMP/htdocs/lifeq/system/View/View.php(213): CodeIgniter\View\View->CodeIgniter\View\{closure}()
#3 /Applications/MAMP/htdocs/lifeq/system/Common.php(1089): CodeIgniter\View\View->render('lifeq/Vhome', Array, true)
#4 /Applications/MAMP/htdocs/lifeq/app/Controllers/Cuser.php(21): view('lifeq/Vhome')
#5 /Applications/MAMP/htdocs/lifeq/system/CodeIgniter.php(832): App\Controllers\Cuser->home()
#6 /Applications/MAMP/htdocs/lifeq/system/CodeIgniter.php(419): CodeIgniter\CodeIgniter->runController(Object(App\Controllers\Cuser))
#7 /Applications/MAMP/htdocs/lifeq/system/CodeIgniter.php(326): CodeIgniter\CodeIgniter->handleRequest(NULL, Object(Config\Cache), false)
#8 /Applications/MAMP/htdocs/lifeq/public/index.php(37): CodeIgniter\CodeIgniter->run()
#9 {main}
CRITICAL - 2022-07-02 13:25:14 --> Undefined variable $Persen
#0 /Applications/MAMP/htdocs/lifeq/app/Views/lifeq/Vhome.php(95): CodeIgniter\Debug\Exceptions->errorHandler(2, 'Undefined varia...', '/Applications/M...', 95)
#1 /Applications/MAMP/htdocs/lifeq/system/View/View.php(210): include('/Applications/M...')
#2 /Applications/MAMP/htdocs/lifeq/system/View/View.php(213): CodeIgniter\View\View->CodeIgniter\View\{closure}()
#3 /Applications/MAMP/htdocs/lifeq/system/Common.php(1089): CodeIgniter\View\View->render('lifeq/Vhome', Array, true)
#4 /Applications/MAMP/htdocs/lifeq/app/Controllers/Cuser.php(24): view('lifeq/Vhome')
#5 /Applications/MAMP/htdocs/lifeq/system/CodeIgniter.php(832): App\Controllers\Cuser->home()
#6 /Applications/MAMP/htdocs/lifeq/system/CodeIgniter.php(419): CodeIgniter\CodeIgniter->runController(Object(App\Controllers\Cuser))
#7 /Applications/MAMP/htdocs/lifeq/system/CodeIgniter.php(326): CodeIgniter\CodeIgniter->handleRequest(NULL, Object(Config\Cache), false)
#8 /Applications/MAMP/htdocs/lifeq/public/index.php(37): CodeIgniter\CodeIgniter->run()
#9 {main}
CRITICAL - 2022-07-02 13:25:17 --> Undefined variable $Persen
#0 /Applications/MAMP/htdocs/lifeq/app/Views/lifeq/Vhome.php(95): CodeIgniter\Debug\Exceptions->errorHandler(2, 'Undefined varia...', '/Applications/M...', 95)
#1 /Applications/MAMP/htdocs/lifeq/system/View/View.php(210): include('/Applications/M...')
#2 /Applications/MAMP/htdocs/lifeq/system/View/View.php(213): CodeIgniter\View\View->CodeIgniter\View\{closure}()
#3 /Applications/MAMP/htdocs/lifeq/system/Common.php(1089): CodeIgniter\View\View->render('lifeq/Vhome', Array, true)
#4 /Applications/MAMP/htdocs/lifeq/app/Controllers/Cuser.php(24): view('lifeq/Vhome')
#5 /Applications/MAMP/htdocs/lifeq/system/CodeIgniter.php(832): App\Controllers\Cuser->home()
#6 /Applications/MAMP/htdocs/lifeq/system/CodeIgniter.php(419): CodeIgniter\CodeIgniter->runController(Object(App\Controllers\Cuser))
#7 /Applications/MAMP/htdocs/lifeq/system/CodeIgniter.php(326): CodeIgniter\CodeIgniter->handleRequest(NULL, Object(Config\Cache), false)
#8 /Applications/MAMP/htdocs/lifeq/public/index.php(37): CodeIgniter\CodeIgniter->run()
#9 {main}
CRITICAL - 2022-07-02 13:25:26 --> Undefined variable $Persen
#0 /Applications/MAMP/htdocs/lifeq/app/Views/lifeq/Vhome.php(95): CodeIgniter\Debug\Exceptions->errorHandler(2, 'Undefined varia...', '/Applications/M...', 95)
#1 /Applications/MAMP/htdocs/lifeq/system/View/View.php(210): include('/Applications/M...')
#2 /Applications/MAMP/htdocs/lifeq/system/View/View.php(213): CodeIgniter\View\View->CodeIgniter\View\{closure}()
#3 /Applications/MAMP/htdocs/lifeq/system/Common.php(1089): CodeIgniter\View\View->render('lifeq/Vhome', Array, true)
#4 /Applications/MAMP/htdocs/lifeq/app/Controllers/Cuser.php(24): view('lifeq/Vhome')
#5 /Applications/MAMP/htdocs/lifeq/system/CodeIgniter.php(832): App\Controllers\Cuser->home()
#6 /Applications/MAMP/htdocs/lifeq/system/CodeIgniter.php(419): CodeIgniter\CodeIgniter->runController(Object(App\Controllers\Cuser))
#7 /Applications/MAMP/htdocs/lifeq/system/CodeIgniter.php(326): CodeIgniter\CodeIgniter->handleRequest(NULL, Object(Config\Cache), false)
#8 /Applications/MAMP/htdocs/lifeq/public/index.php(37): CodeIgniter\CodeIgniter->run()
#9 {main}
CRITICAL - 2022-07-02 13:25:28 --> Undefined variable $Persen
#0 /Applications/MAMP/htdocs/lifeq/app/Views/lifeq/Vhome.php(95): CodeIgniter\Debug\Exceptions->errorHandler(2, 'Undefined varia...', '/Applications/M...', 95)
#1 /Applications/MAMP/htdocs/lifeq/system/View/View.php(210): include('/Applications/M...')
#2 /Applications/MAMP/htdocs/lifeq/system/View/View.php(213): CodeIgniter\View\View->CodeIgniter\View\{closure}()
#3 /Applications/MAMP/htdocs/lifeq/system/Common.php(1089): CodeIgniter\View\View->render('lifeq/Vhome', Array, true)
#4 /Applications/MAMP/htdocs/lifeq/app/Controllers/Cuser.php(24): view('lifeq/Vhome')
#5 /Applications/MAMP/htdocs/lifeq/system/CodeIgniter.php(832): App\Controllers\Cuser->home()
#6 /Applications/MAMP/htdocs/lifeq/system/CodeIgniter.php(419): CodeIgniter\CodeIgniter->runController(Object(App\Controllers\Cuser))
#7 /Applications/MAMP/htdocs/lifeq/system/CodeIgniter.php(326): CodeIgniter\CodeIgniter->handleRequest(NULL, Object(Config\Cache), false)
#8 /Applications/MAMP/htdocs/lifeq/public/index.php(37): CodeIgniter\CodeIgniter->run()
#9 {main}
CRITICAL - 2022-07-02 13:26:01 --> Undefined variable $Persen
#0 /Applications/MAMP/htdocs/lifeq/app/Views/lifeq/Vhome.php(95): CodeIgniter\Debug\Exceptions->errorHandler(2, 'Undefined varia...', '/Applications/M...', 95)
#1 /Applications/MAMP/htdocs/lifeq/system/View/View.php(210): include('/Applications/M...')
#2 /Applications/MAMP/htdocs/lifeq/system/View/View.php(213): CodeIgniter\View\View->CodeIgniter\View\{closure}()
#3 /Applications/MAMP/htdocs/lifeq/system/Common.php(1089): CodeIgniter\View\View->render('lifeq/Vhome', Array, true)
#4 /Applications/MAMP/htdocs/lifeq/app/Controllers/Cuser.php(58): view('lifeq/Vhome')
#5 /Applications/MAMP/htdocs/lifeq/system/CodeIgniter.php(832): App\Controllers\Cuser->prosesLogin()
#6 /Applications/MAMP/htdocs/lifeq/system/CodeIgniter.php(419): CodeIgniter\CodeIgniter->runController(Object(App\Controllers\Cuser))
#7 /Applications/MAMP/htdocs/lifeq/system/CodeIgniter.php(326): CodeIgniter\CodeIgniter->handleRequest(NULL, Object(Config\Cache), false)
#8 /Applications/MAMP/htdocs/lifeq/public/index.php(37): CodeIgniter\CodeIgniter->run()
#9 {main}
CRITICAL - 2022-07-02 13:27:42 --> Undefined variable $hasilGIKarbo
#0 /Applications/MAMP/htdocs/lifeq/app/Views/lifeq/Vhome.php(95): CodeIgniter\Debug\Exceptions->errorHandler(2, 'Undefined varia...', '/Applications/M...', 95)
#1 /Applications/MAMP/htdocs/lifeq/system/View/View.php(210): include('/Applications/M...')
#2 /Applications/MAMP/htdocs/lifeq/system/View/View.php(213): CodeIgniter\View\View->CodeIgniter\View\{closure}()
#3 /Applications/MAMP/htdocs/lifeq/system/Common.php(1089): CodeIgniter\View\View->render('lifeq/Vhome', Array, true)
#4 /Applications/MAMP/htdocs/lifeq/app/Controllers/Cuser.php(58): view('lifeq/Vhome')
#5 /Applications/MAMP/htdocs/lifeq/system/CodeIgniter.php(832): App\Controllers\Cuser->prosesLogin()
#6 /Applications/MAMP/htdocs/lifeq/system/CodeIgniter.php(419): CodeIgniter\CodeIgniter->runController(Object(App\Controllers\Cuser))
#7 /Applications/MAMP/htdocs/lifeq/system/CodeIgniter.php(326): CodeIgniter\CodeIgniter->handleRequest(NULL, Object(Config\Cache), false)
#8 /Applications/MAMP/htdocs/lifeq/public/index.php(37): CodeIgniter\CodeIgniter->run()
#9 {main}
CRITICAL - 2022-07-02 13:35:23 --> Undefined array key "HK"
#0 /Applications/MAMP/htdocs/lifeq/app/Controllers/Cpharris.php(72): CodeIgniter\Debug\Exceptions->errorHandler(2, 'Undefined array...', '/Applications/M...', 72)
#1 /Applications/MAMP/htdocs/lifeq/system/CodeIgniter.php(832): App\Controllers\Cpharris->AKE()
#2 /Applications/MAMP/htdocs/lifeq/system/CodeIgniter.php(419): CodeIgniter\CodeIgniter->runController(Object(App\Controllers\Cpharris))
#3 /Applications/MAMP/htdocs/lifeq/system/CodeIgniter.php(326): CodeIgniter\CodeIgniter->handleRequest(NULL, Object(Config\Cache), false)
#4 /Applications/MAMP/htdocs/lifeq/public/index.php(37): CodeIgniter\CodeIgniter->run()
#5 {main}
CRITICAL - 2022-07-02 15:48:21 --> Unclosed '{' on line 6
#0 /Applications/MAMP/htdocs/lifeq/system/Router/Router.php(175): CodeIgniter\Router\Router->autoRoute('Cuser/store2')
#1 /Applications/MAMP/htdocs/lifeq/system/CodeIgniter.php(726): CodeIgniter\Router\Router->handle('Cuser/store2')
#2 /Applications/MAMP/htdocs/lifeq/system/CodeIgniter.php(368): CodeIgniter\CodeIgniter->tryToRouteIt(Object(CodeIgniter\Router\RouteCollection))
#3 /Applications/MAMP/htdocs/lifeq/system/CodeIgniter.php(326): CodeIgniter\CodeIgniter->handleRequest(NULL, Object(Config\Cache), false)
#4 /Applications/MAMP/htdocs/lifeq/public/index.php(37): CodeIgniter\CodeIgniter->run()
#5 {main}
CRITICAL - 2022-07-02 15:48:37 --> Cannot use object of type App\Models\M_user as array
#0 /Applications/MAMP/htdocs/lifeq/system/CodeIgniter.php(832): App\Controllers\Cuser->store2()
#1 /Applications/MAMP/htdocs/lifeq/system/CodeIgniter.php(419): CodeIgniter\CodeIgniter->runController(Object(App\Controllers\Cuser))
#2 /Applications/MAMP/htdocs/lifeq/system/CodeIgniter.php(326): CodeIgniter\CodeIgniter->handleRequest(NULL, Object(Config\Cache), false)
#3 /Applications/MAMP/htdocs/lifeq/public/index.php(37): CodeIgniter\CodeIgniter->run()
#4 {main}
CRITICAL - 2022-07-02 15:49:06 --> syntax error, unexpected token "="
#0 /Applications/MAMP/htdocs/lifeq/system/Router/Router.php(175): CodeIgniter\Router\Router->autoRoute('Cuser/store2')
#1 /Applications/MAMP/htdocs/lifeq/system/CodeIgniter.php(726): CodeIgniter\Router\Router->handle('Cuser/store2')
#2 /Applications/MAMP/htdocs/lifeq/system/CodeIgniter.php(368): CodeIgniter\CodeIgniter->tryToRouteIt(Object(CodeIgniter\Router\RouteCollection))
#3 /Applications/MAMP/htdocs/lifeq/system/CodeIgniter.php(326): CodeIgniter\CodeIgniter->handleRequest(NULL, Object(Config\Cache), false)
#4 /Applications/MAMP/htdocs/lifeq/public/index.php(37): CodeIgniter\CodeIgniter->run()
#5 {main}
CRITICAL - 2022-07-02 16:14:53 --> syntax error, unexpected identifier "session_start", expecting "]"
#0 /Applications/MAMP/htdocs/lifeq/system/Router/Router.php(175): CodeIgniter\Router\Router->autoRoute('cuser')
#1 /Applications/MAMP/htdocs/lifeq/system/CodeIgniter.php(726): CodeIgniter\Router\Router->handle('cuser')
#2 /Applications/MAMP/htdocs/lifeq/system/CodeIgniter.php(368): CodeIgniter\CodeIgniter->tryToRouteIt(Object(CodeIgniter\Router\RouteCollection))
#3 /Applications/MAMP/htdocs/lifeq/system/CodeIgniter.php(326): CodeIgniter\CodeIgniter->handleRequest(NULL, Object(Config\Cache), false)
#4 /Applications/MAMP/htdocs/lifeq/public/index.php(37): CodeIgniter\CodeIgniter->run()
#5 {main}
CRITICAL - 2022-07-02 16:19:04 --> Undefined variable $user
#0 /Applications/MAMP/htdocs/lifeq/app/Controllers/Cuser.php(79): CodeIgniter\Debug\Exceptions->errorHandler(2, 'Undefined varia...', '/Applications/M...', 79)
#1 /Applications/MAMP/htdocs/lifeq/system/CodeIgniter.php(832): App\Controllers\Cuser->store2()
#2 /Applications/MAMP/htdocs/lifeq/system/CodeIgniter.php(419): CodeIgniter\CodeIgniter->runController(Object(App\Controllers\Cuser))
#3 /Applications/MAMP/htdocs/lifeq/system/CodeIgniter.php(326): CodeIgniter\CodeIgniter->handleRequest(NULL, Object(Config\Cache), false)
#4 /Applications/MAMP/htdocs/lifeq/public/index.php(37): CodeIgniter\CodeIgniter->run()
#5 {main}
CRITICAL - 2022-07-02 16:19:44 --> Undefined variable $user
#0 /Applications/MAMP/htdocs/lifeq/app/Controllers/Cuser.php(79): CodeIgniter\Debug\Exceptions->errorHandler(2, 'Undefined varia...', '/Applications/M...', 79)
#1 /Applications/MAMP/htdocs/lifeq/system/CodeIgniter.php(832): App\Controllers\Cuser->store2()
#2 /Applications/MAMP/htdocs/lifeq/system/CodeIgniter.php(419): CodeIgniter\CodeIgniter->runController(Object(App\Controllers\Cuser))
#3 /Applications/MAMP/htdocs/lifeq/system/CodeIgniter.php(326): CodeIgniter\CodeIgniter->handleRequest(NULL, Object(Config\Cache), false)
#4 /Applications/MAMP/htdocs/lifeq/public/index.php(37): CodeIgniter\CodeIgniter->run()
#5 {main}
CRITICAL - 2022-07-02 16:21:38 --> Undefined variable $user
#0 /Applications/MAMP/htdocs/lifeq/app/Controllers/Cuser.php(71): CodeIgniter\Debug\Exceptions->errorHandler(2, 'Undefined varia...', '/Applications/M...', 71)
#1 /Applications/MAMP/htdocs/lifeq/system/CodeIgniter.php(832): App\Controllers\Cuser->store2()
#2 /Applications/MAMP/htdocs/lifeq/system/CodeIgniter.php(419): CodeIgniter\CodeIgniter->runController(Object(App\Controllers\Cuser))
#3 /Applications/MAMP/htdocs/lifeq/system/CodeIgniter.php(326): CodeIgniter\CodeIgniter->handleRequest(NULL, Object(Config\Cache), false)
#4 /Applications/MAMP/htdocs/lifeq/public/index.php(37): CodeIgniter\CodeIgniter->run()
#5 {main}
CRITICAL - 2022-07-02 16:33:27 --> Undefined variable $dataUser2
#0 /Applications/MAMP/htdocs/lifeq/app/Controllers/Cuser.php(92): CodeIgniter\Debug\Exceptions->errorHandler(2, 'Undefined varia...', '/Applications/M...', 92)
#1 /Applications/MAMP/htdocs/lifeq/system/CodeIgniter.php(832): App\Controllers\Cuser->store2()
#2 /Applications/MAMP/htdocs/lifeq/system/CodeIgniter.php(419): CodeIgniter\CodeIgniter->runController(Object(App\Controllers\Cuser))
#3 /Applications/MAMP/htdocs/lifeq/system/CodeIgniter.php(326): CodeIgniter\CodeIgniter->handleRequest(NULL, Object(Config\Cache), false)
#4 /Applications/MAMP/htdocs/lifeq/public/index.php(37): CodeIgniter\CodeIgniter->run()
#5 {main}
CRITICAL - 2022-07-02 16:34:17 --> The original file is not a valid file.
#0 /Applications/MAMP/htdocs/lifeq/system/HTTP/Files/UploadedFile.php(137): CodeIgniter\HTTP\Exceptions\HTTPException::forInvalidFile()
#1 /Applications/MAMP/htdocs/lifeq/app/Controllers/Cuser.php(79): CodeIgniter\HTTP\Files\UploadedFile->move('/Applications/M...', '1656797657_a115...')
#2 /Applications/MAMP/htdocs/lifeq/system/CodeIgniter.php(832): App\Controllers\Cuser->store2()
#3 /Applications/MAMP/htdocs/lifeq/system/CodeIgniter.php(419): CodeIgniter\CodeIgniter->runController(Object(App\Controllers\Cuser))
#4 /Applications/MAMP/htdocs/lifeq/system/CodeIgniter.php(326): CodeIgniter\CodeIgniter->handleRequest(NULL, Object(Config\Cache), false)
#5 /Applications/MAMP/htdocs/lifeq/public/index.php(37): CodeIgniter\CodeIgniter->run()
#6 {main}
CRITICAL - 2022-07-02 16:34:31 --> The original file is not a valid file.
#0 /Applications/MAMP/htdocs/lifeq/system/HTTP/Files/UploadedFile.php(137): CodeIgniter\HTTP\Exceptions\HTTPException::forInvalidFile()
#1 /Applications/MAMP/htdocs/lifeq/app/Controllers/Cuser.php(79): CodeIgniter\HTTP\Files\UploadedFile->move('/Applications/M...', '1656797671_7ef1...')
#2 /Applications/MAMP/htdocs/lifeq/system/CodeIgniter.php(832): App\Controllers\Cuser->store2()
#3 /Applications/MAMP/htdocs/lifeq/system/CodeIgniter.php(419): CodeIgniter\CodeIgniter->runController(Object(App\Controllers\Cuser))
#4 /Applications/MAMP/htdocs/lifeq/system/CodeIgniter.php(326): CodeIgniter\CodeIgniter->handleRequest(NULL, Object(Config\Cache), false)
#5 /Applications/MAMP/htdocs/lifeq/public/index.php(37): CodeIgniter\CodeIgniter->run()
#6 {main}
CRITICAL - 2022-07-02 16:34:49 --> The original file is not a valid file.
#0 /Applications/MAMP/htdocs/lifeq/system/HTTP/Files/UploadedFile.php(137): CodeIgniter\HTTP\Exceptions\HTTPException::forInvalidFile()
#1 /Applications/MAMP/htdocs/lifeq/app/Controllers/Cuser.php(79): CodeIgniter\HTTP\Files\UploadedFile->move('/Applications/M...', '1656797689_ee88...')
#2 /Applications/MAMP/htdocs/lifeq/system/CodeIgniter.php(832): App\Controllers\Cuser->store2()
#3 /Applications/MAMP/htdocs/lifeq/system/CodeIgniter.php(419): CodeIgniter\CodeIgniter->runController(Object(App\Controllers\Cuser))
#4 /Applications/MAMP/htdocs/lifeq/system/CodeIgniter.php(326): CodeIgniter\CodeIgniter->handleRequest(NULL, Object(Config\Cache), false)
#5 /Applications/MAMP/htdocs/lifeq/public/index.php(37): CodeIgniter\CodeIgniter->run()
#6 {main}
CRITICAL - 2022-07-02 16:35:10 --> Undefined property: App\Controllers\Cuser::$session
#0 /Applications/MAMP/htdocs/lifeq/app/Controllers/Cuser.php(80): CodeIgniter\Debug\Exceptions->errorHandler(2, 'Undefined prope...', '/Applications/M...', 80)
#1 /Applications/MAMP/htdocs/lifeq/system/CodeIgniter.php(832): App\Controllers\Cuser->store2()
#2 /Applications/MAMP/htdocs/lifeq/system/CodeIgniter.php(419): CodeIgniter\CodeIgniter->runController(Object(App\Controllers\Cuser))
#3 /Applications/MAMP/htdocs/lifeq/system/CodeIgniter.php(326): CodeIgniter\CodeIgniter->handleRequest(NULL, Object(Config\Cache), false)
#4 /Applications/MAMP/htdocs/lifeq/public/index.php(37): CodeIgniter\CodeIgniter->run()
#5 {main}
CRITICAL - 2022-07-02 16:37:09 --> Undefined property: App\Controllers\Cuser::$session
#0 /Applications/MAMP/htdocs/lifeq/app/Controllers/Cuser.php(81): CodeIgniter\Debug\Exceptions->errorHandler(2, 'Undefined prope...', '/Applications/M...', 81)
#1 /Applications/MAMP/htdocs/lifeq/system/CodeIgniter.php(832): App\Controllers\Cuser->store2()
#2 /Applications/MAMP/htdocs/lifeq/system/CodeIgniter.php(419): CodeIgniter\CodeIgniter->runController(Object(App\Controllers\Cuser))
#3 /Applications/MAMP/htdocs/lifeq/system/CodeIgniter.php(326): CodeIgniter\CodeIgniter->handleRequest(NULL, Object(Config\Cache), false)
#4 /Applications/MAMP/htdocs/lifeq/public/index.php(37): CodeIgniter\CodeIgniter->run()
#5 {main}
CRITICAL - 2022-07-02 23:10:29 --> Invalid file: cuser/profile.php
#0 /Applications/MAMP/htdocs/lifeq/system/View/View.php(198): CodeIgniter\Exceptions\FrameworkException::forInvalidFile('cuser/profile.p...')
#1 /Applications/MAMP/htdocs/lifeq/system/Common.php(1089): CodeIgniter\View\View->render('cuser/profile', Array, true)
#2 /Applications/MAMP/htdocs/lifeq/app/Controllers/Cuser.php(106): view('cuser/profile', Array)
#3 /Applications/MAMP/htdocs/lifeq/system/CodeIgniter.php(832): App\Controllers\Cuser->edit('11')
#4 /Applications/MAMP/htdocs/lifeq/system/CodeIgniter.php(419): CodeIgniter\CodeIgniter->runController(Object(App\Controllers\Cuser))
#5 /Applications/MAMP/htdocs/lifeq/system/CodeIgniter.php(326): CodeIgniter\CodeIgniter->handleRequest(NULL, Object(Config\Cache), false)
#6 /Applications/MAMP/htdocs/lifeq/public/index.php(37): CodeIgniter\CodeIgniter->run()
#7 {main}
CRITICAL - 2022-07-02 23:11:02 --> Invalid file: cuser/profile.php
#0 /Applications/MAMP/htdocs/lifeq/system/View/View.php(198): CodeIgniter\Exceptions\FrameworkException::forInvalidFile('cuser/profile.p...')
#1 /Applications/MAMP/htdocs/lifeq/system/Common.php(1089): CodeIgniter\View\View->render('cuser/profile', Array, true)
#2 /Applications/MAMP/htdocs/lifeq/app/Controllers/Cuser.php(106): view('cuser/profile', Array)
#3 /Applications/MAMP/htdocs/lifeq/system/CodeIgniter.php(832): App\Controllers\Cuser->edit('11')
#4 /Applications/MAMP/htdocs/lifeq/system/CodeIgniter.php(419): CodeIgniter\CodeIgniter->runController(Object(App\Controllers\Cuser))
#5 /Applications/MAMP/htdocs/lifeq/system/CodeIgniter.php(326): CodeIgniter\CodeIgniter->handleRequest(NULL, Object(Config\Cache), false)
#6 /Applications/MAMP/htdocs/lifeq/public/index.php(37): CodeIgniter\CodeIgniter->run()
#7 {main}
CRITICAL - 2022-07-02 23:11:36 --> Invalid file: cuser/profile.php
#0 /Applications/MAMP/htdocs/lifeq/system/View/View.php(198): CodeIgniter\Exceptions\FrameworkException::forInvalidFile('cuser/profile.p...')
#1 /Applications/MAMP/htdocs/lifeq/system/Common.php(1089): CodeIgniter\View\View->render('cuser/profile', Array, true)
#2 /Applications/MAMP/htdocs/lifeq/app/Controllers/Cuser.php(106): view('cuser/profile', Array)
#3 /Applications/MAMP/htdocs/lifeq/system/CodeIgniter.php(832): App\Controllers\Cuser->edit('11')
#4 /Applications/MAMP/htdocs/lifeq/system/CodeIgniter.php(419): CodeIgniter\CodeIgniter->runController(Object(App\Controllers\Cuser))
#5 /Applications/MAMP/htdocs/lifeq/system/CodeIgniter.php(326): CodeIgniter\CodeIgniter->handleRequest(NULL, Object(Config\Cache), false)
#6 /Applications/MAMP/htdocs/lifeq/public/index.php(37): CodeIgniter\CodeIgniter->run()
#7 {main}
CRITICAL - 2022-07-02 23:34:06 --> Undefined variable $row
#0 /Applications/MAMP/htdocs/lifeq/app/Views/lifeq/profile.php(12): CodeIgniter\Debug\Exceptions->errorHandler(2, 'Undefined varia...', '/Applications/M...', 12)
#1 /Applications/MAMP/htdocs/lifeq/system/View/View.php(210): include('/Applications/M...')
#2 /Applications/MAMP/htdocs/lifeq/system/View/View.php(213): CodeIgniter\View\View->CodeIgniter\View\{closure}()
#3 /Applications/MAMP/htdocs/lifeq/system/Common.php(1089): CodeIgniter\View\View->render('lifeq/profile', Array, true)
#4 /Applications/MAMP/htdocs/lifeq/app/Controllers/Cuser.php(131): view('lifeq/profile')
#5 /Applications/MAMP/htdocs/lifeq/system/CodeIgniter.php(832): App\Controllers\Cuser->profile()
#6 /Applications/MAMP/htdocs/lifeq/system/CodeIgniter.php(419): CodeIgniter\CodeIgniter->runController(Object(App\Controllers\Cuser))
#7 /Applications/MAMP/htdocs/lifeq/system/CodeIgniter.php(326): CodeIgniter\CodeIgniter->handleRequest(NULL, Object(Config\Cache), false)
#8 /Applications/MAMP/htdocs/lifeq/public/index.php(37): CodeIgniter\CodeIgniter->run()
#9 {main}
CRITICAL - 2022-07-02 23:36:57 --> Undefined variable $row
#0 /Applications/MAMP/htdocs/lifeq/app/Views/lifeq/profile.php(78): CodeIgniter\Debug\Exceptions->errorHandler(2, 'Undefined varia...', '/Applications/M...', 78)
#1 /Applications/MAMP/htdocs/lifeq/system/View/View.php(210): include('/Applications/M...')
#2 /Applications/MAMP/htdocs/lifeq/system/View/View.php(213): CodeIgniter\View\View->CodeIgniter\View\{closure}()
#3 /Applications/MAMP/htdocs/lifeq/system/Common.php(1089): CodeIgniter\View\View->render('lifeq/profile', Array, true)
#4 /Applications/MAMP/htdocs/lifeq/app/Controllers/Cuser.php(131): view('lifeq/profile')
#5 /Applications/MAMP/htdocs/lifeq/system/CodeIgniter.php(832): App\Controllers\Cuser->profile()
#6 /Applications/MAMP/htdocs/lifeq/system/CodeIgniter.php(419): CodeIgniter\CodeIgniter->runController(Object(App\Controllers\Cuser))
#7 /Applications/MAMP/htdocs/lifeq/system/CodeIgniter.php(326): CodeIgniter\CodeIgniter->handleRequest(NULL, Object(Config\Cache), false)
#8 /Applications/MAMP/htdocs/lifeq/public/index.php(37): CodeIgniter\CodeIgniter->run()
#9 {main}
CRITICAL - 2022-07-02 23:38:47 --> syntax error, unexpected token "<"
#0 /Applications/MAMP/htdocs/lifeq/system/View/View.php(213): CodeIgniter\View\View->CodeIgniter\View\{closure}()
#1 /Applications/MAMP/htdocs/lifeq/system/Common.php(1089): CodeIgniter\View\View->render('lifeq/profile', Array, true)
#2 /Applications/MAMP/htdocs/lifeq/app/Controllers/Cuser.php(131): view('lifeq/profile')
#3 /Applications/MAMP/htdocs/lifeq/system/CodeIgniter.php(832): App\Controllers\Cuser->profile()
#4 /Applications/MAMP/htdocs/lifeq/system/CodeIgniter.php(419): CodeIgniter\CodeIgniter->runController(Object(App\Controllers\Cuser))
#5 /Applications/MAMP/htdocs/lifeq/system/CodeIgniter.php(326): CodeIgniter\CodeIgniter->handleRequest(NULL, Object(Config\Cache), false)
#6 /Applications/MAMP/htdocs/lifeq/public/index.php(37): CodeIgniter\CodeIgniter->run()
#7 {main}
CRITICAL - 2022-07-02 23:39:22 --> syntax error, unexpected token "<"
#0 /Applications/MAMP/htdocs/lifeq/system/View/View.php(213): CodeIgniter\View\View->CodeIgniter\View\{closure}()
#1 /Applications/MAMP/htdocs/lifeq/system/Common.php(1089): CodeIgniter\View\View->render('lifeq/profile', Array, true)
#2 /Applications/MAMP/htdocs/lifeq/app/Controllers/Cuser.php(131): view('lifeq/profile')
#3 /Applications/MAMP/htdocs/lifeq/system/CodeIgniter.php(832): App\Controllers\Cuser->profile()
#4 /Applications/MAMP/htdocs/lifeq/system/CodeIgniter.php(419): CodeIgniter\CodeIgniter->runController(Object(App\Controllers\Cuser))
#5 /Applications/MAMP/htdocs/lifeq/system/CodeIgniter.php(326): CodeIgniter\CodeIgniter->handleRequest(NULL, Object(Config\Cache), false)
#6 /Applications/MAMP/htdocs/lifeq/public/index.php(37): CodeIgniter\CodeIgniter->run()
#7 {main}
CRITICAL - 2022-07-02 23:39:28 --> syntax error, unexpected token "<"
#0 /Applications/MAMP/htdocs/lifeq/system/View/View.php(213): CodeIgniter\View\View->CodeIgniter\View\{closure}()
#1 /Applications/MAMP/htdocs/lifeq/system/Common.php(1089): CodeIgniter\View\View->render('lifeq/profile', Array, true)
#2 /Applications/MAMP/htdocs/lifeq/app/Controllers/Cuser.php(131): view('lifeq/profile')
#3 /Applications/MAMP/htdocs/lifeq/system/CodeIgniter.php(832): App\Controllers\Cuser->profile()
#4 /Applications/MAMP/htdocs/lifeq/system/CodeIgniter.php(419): CodeIgniter\CodeIgniter->runController(Object(App\Controllers\Cuser))
#5 /Applications/MAMP/htdocs/lifeq/system/CodeIgniter.php(326): CodeIgniter\CodeIgniter->handleRequest(NULL, Object(Config\Cache), false)
#6 /Applications/MAMP/htdocs/lifeq/public/index.php(37): CodeIgniter\CodeIgniter->run()
#7 {main}
CRITICAL - 2022-07-02 23:41:50 --> Invalid file: cuser/editprofile.php
#0 /Applications/MAMP/htdocs/lifeq/system/View/View.php(198): CodeIgniter\Exceptions\FrameworkException::forInvalidFile('cuser/editprofi...')
#1 /Applications/MAMP/htdocs/lifeq/system/Common.php(1089): CodeIgniter\View\View->render('cuser/editprofi...', Array, true)
#2 /Applications/MAMP/htdocs/lifeq/app/Controllers/Cuser.php(106): view('cuser/editprofi...', Array)
#3 /Applications/MAMP/htdocs/lifeq/system/CodeIgniter.php(832): App\Controllers\Cuser->edit('11')
#4 /Applications/MAMP/htdocs/lifeq/system/CodeIgniter.php(419): CodeIgniter\CodeIgniter->runController(Object(App\Controllers\Cuser))
#5 /Applications/MAMP/htdocs/lifeq/system/CodeIgniter.php(326): CodeIgniter\CodeIgniter->handleRequest(NULL, Object(Config\Cache), false)
#6 /Applications/MAMP/htdocs/lifeq/public/index.php(37): CodeIgniter\CodeIgniter->run()
#7 {main}
CRITICAL - 2022-07-02 23:47:19 --> The original file is not a valid file.
#0 /Applications/MAMP/htdocs/lifeq/system/HTTP/Files/UploadedFile.php(137): CodeIgniter\HTTP\Exceptions\HTTPException::forInvalidFile()
#1 /Applications/MAMP/htdocs/lifeq/app/Controllers/Cuser.php(113): CodeIgniter\HTTP\Files\UploadedFile->move('/Applications/M...', '1656823639_fb9d...')
#2 /Applications/MAMP/htdocs/lifeq/system/CodeIgniter.php(832): App\Controllers\Cuser->update('11')
#3 /Applications/MAMP/htdocs/lifeq/system/CodeIgniter.php(419): CodeIgniter\CodeIgniter->runController(Object(App\Controllers\Cuser))
#4 /Applications/MAMP/htdocs/lifeq/system/CodeIgniter.php(326): CodeIgniter\CodeIgniter->handleRequest(NULL, Object(Config\Cache), false)
#5 /Applications/MAMP/htdocs/lifeq/public/index.php(37): CodeIgniter\CodeIgniter->run()
#6 {main}
