CRITICAL - 2022-06-24 12:22:17 --> syntax error, unexpected variable "$data", expecting ")"
#0 C:\xampp\htdocs\lifeq\system\Router\Router.php(175): CodeIgniter\Router\Router->autoRoute('Cpharris/AKE')
#1 C:\xampp\htdocs\lifeq\system\CodeIgniter.php(726): CodeIgniter\Router\Router->handle('Cpharris/AKE')
#2 C:\xampp\htdocs\lifeq\system\CodeIgniter.php(368): CodeIgniter\CodeIgniter->tryToRouteIt(Object(CodeIgniter\Router\RouteCollection))
#3 C:\xampp\htdocs\lifeq\system\CodeIgniter.php(326): CodeIgniter\CodeIgniter->handleRequest(NULL, Object(Config\Cache), false)
#4 C:\xampp\htdocs\lifeq\public\index.php(37): CodeIgniter\CodeIgniter->run()
#5 {main}
CRITICAL - 2022-06-24 12:23:47 --> syntax error, unexpected variable "$data", expecting ")"
#0 C:\xampp\htdocs\lifeq\system\Router\Router.php(175): CodeIgniter\Router\Router->autoRoute('Cpharris/AKE')
#1 C:\xampp\htdocs\lifeq\system\CodeIgniter.php(726): CodeIgniter\Router\Router->handle('Cpharris/AKE')
#2 C:\xampp\htdocs\lifeq\system\CodeIgniter.php(368): CodeIgniter\CodeIgniter->tryToRouteIt(Object(CodeIgniter\Router\RouteCollection))
#3 C:\xampp\htdocs\lifeq\system\CodeIgniter.php(326): CodeIgniter\CodeIgniter->handleRequest(NULL, Object(Config\Cache), false)
#4 C:\xampp\htdocs\lifeq\public\index.php(37): CodeIgniter\CodeIgniter->run()
#5 {main}
CRITICAL - 2022-06-24 12:24:28 --> You must set the database table to be used with your query.
#0 C:\xampp\htdocs\lifeq\system\Model.php(545): CodeIgniter\Database\BaseConnection->table(NULL)
#1 C:\xampp\htdocs\lifeq\system\Model.php(722): CodeIgniter\Model->builder()
#2 C:\xampp\htdocs\lifeq\app\Controllers\Cpharris.php(30): CodeIgniter\Model->__call('AKEKarbo', Array)
#3 C:\xampp\htdocs\lifeq\system\CodeIgniter.php(832): App\Controllers\Cpharris->AKE()
#4 C:\xampp\htdocs\lifeq\system\CodeIgniter.php(419): CodeIgniter\CodeIgniter->runController(Object(App\Controllers\Cpharris))
#5 C:\xampp\htdocs\lifeq\system\CodeIgniter.php(326): CodeIgniter\CodeIgniter->handleRequest(NULL, Object(Config\Cache), false)
#6 C:\xampp\htdocs\lifeq\public\index.php(37): CodeIgniter\CodeIgniter->run()
#7 {main}
CRITICAL - 2022-06-24 13:31:00 --> syntax error, unexpected token "endforeach", expecting end of file
#0 C:\xampp\htdocs\lifeq\system\View\View.php(213): CodeIgniter\View\View->CodeIgniter\View\{closure}()
#1 C:\xampp\htdocs\lifeq\system\Common.php(1089): CodeIgniter\View\View->render('lifeq/Harris', Array, true)
#2 C:\xampp\htdocs\lifeq\app\Controllers\Cuser.php(54): view('lifeq/Harris')
#3 C:\xampp\htdocs\lifeq\system\CodeIgniter.php(832): App\Controllers\Cuser->prosesLogin()
#4 C:\xampp\htdocs\lifeq\system\CodeIgniter.php(419): CodeIgniter\CodeIgniter->runController(Object(App\Controllers\Cuser))
#5 C:\xampp\htdocs\lifeq\system\CodeIgniter.php(326): CodeIgniter\CodeIgniter->handleRequest(NULL, Object(Config\Cache), false)
#6 C:\xampp\htdocs\lifeq\public\index.php(37): CodeIgniter\CodeIgniter->run()
#7 {main}
CRITICAL - 2022-06-24 13:33:08 --> syntax error, unexpected token "endforeach", expecting end of file
#0 C:\xampp\htdocs\lifeq\system\View\View.php(213): CodeIgniter\View\View->CodeIgniter\View\{closure}()
#1 C:\xampp\htdocs\lifeq\system\Common.php(1089): CodeIgniter\View\View->render('lifeq/Harris', Array, true)
#2 C:\xampp\htdocs\lifeq\app\Controllers\Cuser.php(54): view('lifeq/Harris')
#3 C:\xampp\htdocs\lifeq\system\CodeIgniter.php(832): App\Controllers\Cuser->prosesLogin()
#4 C:\xampp\htdocs\lifeq\system\CodeIgniter.php(419): CodeIgniter\CodeIgniter->runController(Object(App\Controllers\Cuser))
#5 C:\xampp\htdocs\lifeq\system\CodeIgniter.php(326): CodeIgniter\CodeIgniter->handleRequest(NULL, Object(Config\Cache), false)
#6 C:\xampp\htdocs\lifeq\public\index.php(37): CodeIgniter\CodeIgniter->run()
#7 {main}
CRITICAL - 2022-06-24 13:33:11 --> syntax error, unexpected token "endforeach", expecting end of file
#0 C:\xampp\htdocs\lifeq\system\View\View.php(213): CodeIgniter\View\View->CodeIgniter\View\{closure}()
#1 C:\xampp\htdocs\lifeq\system\Common.php(1089): CodeIgniter\View\View->render('lifeq/Harris', Array, true)
#2 C:\xampp\htdocs\lifeq\app\Controllers\Cuser.php(54): view('lifeq/Harris')
#3 C:\xampp\htdocs\lifeq\system\CodeIgniter.php(832): App\Controllers\Cuser->prosesLogin()
#4 C:\xampp\htdocs\lifeq\system\CodeIgniter.php(419): CodeIgniter\CodeIgniter->runController(Object(App\Controllers\Cuser))
#5 C:\xampp\htdocs\lifeq\system\CodeIgniter.php(326): CodeIgniter\CodeIgniter->handleRequest(NULL, Object(Config\Cache), false)
#6 C:\xampp\htdocs\lifeq\public\index.php(37): CodeIgniter\CodeIgniter->run()
#7 {main}
CRITICAL - 2022-06-24 13:33:56 --> Undefined variable $akti
#0 C:\xampp\htdocs\lifeq\app\Views\lifeq\Harris.php(113): CodeIgniter\Debug\Exceptions->errorHandler(2, 'Undefined varia...', 'C:\\xampp\\htdocs...', 113)
#1 C:\xampp\htdocs\lifeq\system\View\View.php(210): include('C:\\xampp\\htdocs...')
#2 C:\xampp\htdocs\lifeq\system\View\View.php(213): CodeIgniter\View\View->CodeIgniter\View\{closure}()
#3 C:\xampp\htdocs\lifeq\system\Common.php(1089): CodeIgniter\View\View->render('lifeq/Harris', Array, true)
#4 C:\xampp\htdocs\lifeq\app\Controllers\Cuser.php(54): view('lifeq/Harris')
#5 C:\xampp\htdocs\lifeq\system\CodeIgniter.php(832): App\Controllers\Cuser->prosesLogin()
#6 C:\xampp\htdocs\lifeq\system\CodeIgniter.php(419): CodeIgniter\CodeIgniter->runController(Object(App\Controllers\Cuser))
#7 C:\xampp\htdocs\lifeq\system\CodeIgniter.php(326): CodeIgniter\CodeIgniter->handleRequest(NULL, Object(Config\Cache), false)
#8 C:\xampp\htdocs\lifeq\public\index.php(37): CodeIgniter\CodeIgniter->run()
#9 {main}
CRITICAL - 2022-06-24 13:36:17 --> Undefined variable $akti
#0 C:\xampp\htdocs\lifeq\app\Views\lifeq\Harris.php(113): CodeIgniter\Debug\Exceptions->errorHandler(2, 'Undefined varia...', 'C:\\xampp\\htdocs...', 113)
#1 C:\xampp\htdocs\lifeq\system\View\View.php(210): include('C:\\xampp\\htdocs...')
#2 C:\xampp\htdocs\lifeq\system\View\View.php(213): CodeIgniter\View\View->CodeIgniter\View\{closure}()
#3 C:\xampp\htdocs\lifeq\system\Common.php(1089): CodeIgniter\View\View->render('lifeq/Harris', Array, true)
#4 C:\xampp\htdocs\lifeq\app\Controllers\Cuser.php(54): view('lifeq/Harris')
#5 C:\xampp\htdocs\lifeq\system\CodeIgniter.php(832): App\Controllers\Cuser->prosesLogin()
#6 C:\xampp\htdocs\lifeq\system\CodeIgniter.php(419): CodeIgniter\CodeIgniter->runController(Object(App\Controllers\Cuser))
#7 C:\xampp\htdocs\lifeq\system\CodeIgniter.php(326): CodeIgniter\CodeIgniter->handleRequest(NULL, Object(Config\Cache), false)
#8 C:\xampp\htdocs\lifeq\public\index.php(37): CodeIgniter\CodeIgniter->run()
#9 {main}
CRITICAL - 2022-06-24 13:38:10 --> Undefined variable $akti
#0 C:\xampp\htdocs\lifeq\app\Views\lifeq\Harris.php(113): CodeIgniter\Debug\Exceptions->errorHandler(2, 'Undefined varia...', 'C:\\xampp\\htdocs...', 113)
#1 C:\xampp\htdocs\lifeq\system\View\View.php(210): include('C:\\xampp\\htdocs...')
#2 C:\xampp\htdocs\lifeq\system\View\View.php(213): CodeIgniter\View\View->CodeIgniter\View\{closure}()
#3 C:\xampp\htdocs\lifeq\system\Common.php(1089): CodeIgniter\View\View->render('lifeq/Harris', Array, true)
#4 C:\xampp\htdocs\lifeq\app\Controllers\Cuser.php(54): view('lifeq/Harris')
#5 C:\xampp\htdocs\lifeq\system\CodeIgniter.php(832): App\Controllers\Cuser->prosesLogin()
#6 C:\xampp\htdocs\lifeq\system\CodeIgniter.php(419): CodeIgniter\CodeIgniter->runController(Object(App\Controllers\Cuser))
#7 C:\xampp\htdocs\lifeq\system\CodeIgniter.php(326): CodeIgniter\CodeIgniter->handleRequest(NULL, Object(Config\Cache), false)
#8 C:\xampp\htdocs\lifeq\public\index.php(37): CodeIgniter\CodeIgniter->run()
#9 {main}
CRITICAL - 2022-06-24 13:39:04 --> Undefined variable $akti
#0 C:\xampp\htdocs\lifeq\app\Views\lifeq\Harris.php(113): CodeIgniter\Debug\Exceptions->errorHandler(2, 'Undefined varia...', 'C:\\xampp\\htdocs...', 113)
#1 C:\xampp\htdocs\lifeq\system\View\View.php(210): include('C:\\xampp\\htdocs...')
#2 C:\xampp\htdocs\lifeq\system\View\View.php(213): CodeIgniter\View\View->CodeIgniter\View\{closure}()
#3 C:\xampp\htdocs\lifeq\system\Common.php(1089): CodeIgniter\View\View->render('lifeq/Harris', Array, true)
#4 C:\xampp\htdocs\lifeq\app\Controllers\Cuser.php(54): view('lifeq/Harris')
#5 C:\xampp\htdocs\lifeq\system\CodeIgniter.php(832): App\Controllers\Cuser->prosesLogin()
#6 C:\xampp\htdocs\lifeq\system\CodeIgniter.php(419): CodeIgniter\CodeIgniter->runController(Object(App\Controllers\Cuser))
#7 C:\xampp\htdocs\lifeq\system\CodeIgniter.php(326): CodeIgniter\CodeIgniter->handleRequest(NULL, Object(Config\Cache), false)
#8 C:\xampp\htdocs\lifeq\public\index.php(37): CodeIgniter\CodeIgniter->run()
#9 {main}
CRITICAL - 2022-06-24 13:41:16 --> Undefined variable $akti
#0 C:\xampp\htdocs\lifeq\app\Views\lifeq\Harris.php(113): CodeIgniter\Debug\Exceptions->errorHandler(2, 'Undefined varia...', 'C:\\xampp\\htdocs...', 113)
#1 C:\xampp\htdocs\lifeq\system\View\View.php(210): include('C:\\xampp\\htdocs...')
#2 C:\xampp\htdocs\lifeq\system\View\View.php(213): CodeIgniter\View\View->CodeIgniter\View\{closure}()
#3 C:\xampp\htdocs\lifeq\system\Common.php(1089): CodeIgniter\View\View->render('lifeq/Harris', Array, true)
#4 C:\xampp\htdocs\lifeq\app\Controllers\Cuser.php(54): view('lifeq/Harris')
#5 C:\xampp\htdocs\lifeq\system\CodeIgniter.php(832): App\Controllers\Cuser->prosesLogin()
#6 C:\xampp\htdocs\lifeq\system\CodeIgniter.php(419): CodeIgniter\CodeIgniter->runController(Object(App\Controllers\Cuser))
#7 C:\xampp\htdocs\lifeq\system\CodeIgniter.php(326): CodeIgniter\CodeIgniter->handleRequest(NULL, Object(Config\Cache), false)
#8 C:\xampp\htdocs\lifeq\public\index.php(37): CodeIgniter\CodeIgniter->run()
#9 {main}
CRITICAL - 2022-06-24 13:45:15 --> Undefined variable $akti
#0 C:\xampp\htdocs\lifeq\app\Views\lifeq\Harris.php(113): CodeIgniter\Debug\Exceptions->errorHandler(2, 'Undefined varia...', 'C:\\xampp\\htdocs...', 113)
#1 C:\xampp\htdocs\lifeq\system\View\View.php(210): include('C:\\xampp\\htdocs...')
#2 C:\xampp\htdocs\lifeq\system\View\View.php(213): CodeIgniter\View\View->CodeIgniter\View\{closure}()
#3 C:\xampp\htdocs\lifeq\system\Common.php(1089): CodeIgniter\View\View->render('lifeq/Harris', Array, true)
#4 C:\xampp\htdocs\lifeq\app\Controllers\Cuser.php(54): view('lifeq/Harris')
#5 C:\xampp\htdocs\lifeq\system\CodeIgniter.php(832): App\Controllers\Cuser->prosesLogin()
#6 C:\xampp\htdocs\lifeq\system\CodeIgniter.php(419): CodeIgniter\CodeIgniter->runController(Object(App\Controllers\Cuser))
#7 C:\xampp\htdocs\lifeq\system\CodeIgniter.php(326): CodeIgniter\CodeIgniter->handleRequest(NULL, Object(Config\Cache), false)
#8 C:\xampp\htdocs\lifeq\public\index.php(37): CodeIgniter\CodeIgniter->run()
#9 {main}
CRITICAL - 2022-06-24 14:03:28 --> Undefined variable $akti
#0 C:\xampp\htdocs\lifeq\app\Views\lifeq\Harris.php(113): CodeIgniter\Debug\Exceptions->errorHandler(2, 'Undefined varia...', 'C:\\xampp\\htdocs...', 113)
#1 C:\xampp\htdocs\lifeq\system\View\View.php(210): include('C:\\xampp\\htdocs...')
#2 C:\xampp\htdocs\lifeq\system\View\View.php(213): CodeIgniter\View\View->CodeIgniter\View\{closure}()
#3 C:\xampp\htdocs\lifeq\system\Common.php(1089): CodeIgniter\View\View->render('lifeq/Harris', Array, true)
#4 C:\xampp\htdocs\lifeq\app\Controllers\Cuser.php(54): view('lifeq/Harris')
#5 C:\xampp\htdocs\lifeq\system\CodeIgniter.php(832): App\Controllers\Cuser->prosesLogin()
#6 C:\xampp\htdocs\lifeq\system\CodeIgniter.php(419): CodeIgniter\CodeIgniter->runController(Object(App\Controllers\Cuser))
#7 C:\xampp\htdocs\lifeq\system\CodeIgniter.php(326): CodeIgniter\CodeIgniter->handleRequest(NULL, Object(Config\Cache), false)
#8 C:\xampp\htdocs\lifeq\public\index.php(37): CodeIgniter\CodeIgniter->run()
#9 {main}
CRITICAL - 2022-06-24 14:03:34 --> Undefined variable $akti
#0 C:\xampp\htdocs\lifeq\app\Views\lifeq\Harris.php(113): CodeIgniter\Debug\Exceptions->errorHandler(2, 'Undefined varia...', 'C:\\xampp\\htdocs...', 113)
#1 C:\xampp\htdocs\lifeq\system\View\View.php(210): include('C:\\xampp\\htdocs...')
#2 C:\xampp\htdocs\lifeq\system\View\View.php(213): CodeIgniter\View\View->CodeIgniter\View\{closure}()
#3 C:\xampp\htdocs\lifeq\system\Common.php(1089): CodeIgniter\View\View->render('lifeq/Harris', Array, true)
#4 C:\xampp\htdocs\lifeq\app\Controllers\Cuser.php(54): view('lifeq/Harris')
#5 C:\xampp\htdocs\lifeq\system\CodeIgniter.php(832): App\Controllers\Cuser->prosesLogin()
#6 C:\xampp\htdocs\lifeq\system\CodeIgniter.php(419): CodeIgniter\CodeIgniter->runController(Object(App\Controllers\Cuser))
#7 C:\xampp\htdocs\lifeq\system\CodeIgniter.php(326): CodeIgniter\CodeIgniter->handleRequest(NULL, Object(Config\Cache), false)
#8 C:\xampp\htdocs\lifeq\public\index.php(37): CodeIgniter\CodeIgniter->run()
#9 {main}
CRITICAL - 2022-06-24 14:03:48 --> Undefined variable $akti
#0 C:\xampp\htdocs\lifeq\app\Views\lifeq\Harris.php(113): CodeIgniter\Debug\Exceptions->errorHandler(2, 'Undefined varia...', 'C:\\xampp\\htdocs...', 113)
#1 C:\xampp\htdocs\lifeq\system\View\View.php(210): include('C:\\xampp\\htdocs...')
#2 C:\xampp\htdocs\lifeq\system\View\View.php(213): CodeIgniter\View\View->CodeIgniter\View\{closure}()
#3 C:\xampp\htdocs\lifeq\system\Common.php(1089): CodeIgniter\View\View->render('lifeq/Harris', Array, true)
#4 C:\xampp\htdocs\lifeq\app\Controllers\Cuser.php(54): view('lifeq/Harris')
#5 C:\xampp\htdocs\lifeq\system\CodeIgniter.php(832): App\Controllers\Cuser->prosesLogin()
#6 C:\xampp\htdocs\lifeq\system\CodeIgniter.php(419): CodeIgniter\CodeIgniter->runController(Object(App\Controllers\Cuser))
#7 C:\xampp\htdocs\lifeq\system\CodeIgniter.php(326): CodeIgniter\CodeIgniter->handleRequest(NULL, Object(Config\Cache), false)
#8 C:\xampp\htdocs\lifeq\public\index.php(37): CodeIgniter\CodeIgniter->run()
#9 {main}
CRITICAL - 2022-06-24 14:03:57 --> Undefined variable $akti
#0 C:\xampp\htdocs\lifeq\app\Views\lifeq\Harris.php(113): CodeIgniter\Debug\Exceptions->errorHandler(2, 'Undefined varia...', 'C:\\xampp\\htdocs...', 113)
#1 C:\xampp\htdocs\lifeq\system\View\View.php(210): include('C:\\xampp\\htdocs...')
#2 C:\xampp\htdocs\lifeq\system\View\View.php(213): CodeIgniter\View\View->CodeIgniter\View\{closure}()
#3 C:\xampp\htdocs\lifeq\system\Common.php(1089): CodeIgniter\View\View->render('lifeq/Harris', Array, true)
#4 C:\xampp\htdocs\lifeq\app\Controllers\Cuser.php(54): view('lifeq/Harris')
#5 C:\xampp\htdocs\lifeq\system\CodeIgniter.php(832): App\Controllers\Cuser->prosesLogin()
#6 C:\xampp\htdocs\lifeq\system\CodeIgniter.php(419): CodeIgniter\CodeIgniter->runController(Object(App\Controllers\Cuser))
#7 C:\xampp\htdocs\lifeq\system\CodeIgniter.php(326): CodeIgniter\CodeIgniter->handleRequest(NULL, Object(Config\Cache), false)
#8 C:\xampp\htdocs\lifeq\public\index.php(37): CodeIgniter\CodeIgniter->run()
#9 {main}
CRITICAL - 2022-06-24 14:04:44 --> Undefined variable $akti
#0 C:\xampp\htdocs\lifeq\app\Views\lifeq\Harris.php(113): CodeIgniter\Debug\Exceptions->errorHandler(2, 'Undefined varia...', 'C:\\xampp\\htdocs...', 113)
#1 C:\xampp\htdocs\lifeq\system\View\View.php(210): include('C:\\xampp\\htdocs...')
#2 C:\xampp\htdocs\lifeq\system\View\View.php(213): CodeIgniter\View\View->CodeIgniter\View\{closure}()
#3 C:\xampp\htdocs\lifeq\system\Common.php(1089): CodeIgniter\View\View->render('lifeq/Harris', Array, true)
#4 C:\xampp\htdocs\lifeq\app\Controllers\Cuser.php(54): view('lifeq/Harris')
#5 C:\xampp\htdocs\lifeq\system\CodeIgniter.php(832): App\Controllers\Cuser->prosesLogin()
#6 C:\xampp\htdocs\lifeq\system\CodeIgniter.php(419): CodeIgniter\CodeIgniter->runController(Object(App\Controllers\Cuser))
#7 C:\xampp\htdocs\lifeq\system\CodeIgniter.php(326): CodeIgniter\CodeIgniter->handleRequest(NULL, Object(Config\Cache), false)
#8 C:\xampp\htdocs\lifeq\public\index.php(37): CodeIgniter\CodeIgniter->run()
#9 {main}
CRITICAL - 2022-06-24 14:18:02 --> Undefined variable $akti
#0 C:\xampp\htdocs\lifeq\app\Views\lifeq\Harris.php(113): CodeIgniter\Debug\Exceptions->errorHandler(2, 'Undefined varia...', 'C:\\xampp\\htdocs...', 113)
#1 C:\xampp\htdocs\lifeq\system\View\View.php(210): include('C:\\xampp\\htdocs...')
#2 C:\xampp\htdocs\lifeq\system\View\View.php(213): CodeIgniter\View\View->CodeIgniter\View\{closure}()
#3 C:\xampp\htdocs\lifeq\system\Common.php(1089): CodeIgniter\View\View->render('lifeq/Harris', Array, true)
#4 C:\xampp\htdocs\lifeq\app\Controllers\Cuser.php(54): view('lifeq/Harris')
#5 C:\xampp\htdocs\lifeq\system\CodeIgniter.php(832): App\Controllers\Cuser->prosesLogin()
#6 C:\xampp\htdocs\lifeq\system\CodeIgniter.php(419): CodeIgniter\CodeIgniter->runController(Object(App\Controllers\Cuser))
#7 C:\xampp\htdocs\lifeq\system\CodeIgniter.php(326): CodeIgniter\CodeIgniter->handleRequest(NULL, Object(Config\Cache), false)
#8 C:\xampp\htdocs\lifeq\public\index.php(37): CodeIgniter\CodeIgniter->run()
#9 {main}
CRITICAL - 2022-06-24 14:18:06 --> Undefined variable $akti
#0 C:\xampp\htdocs\lifeq\app\Views\lifeq\Harris.php(113): CodeIgniter\Debug\Exceptions->errorHandler(2, 'Undefined varia...', 'C:\\xampp\\htdocs...', 113)
#1 C:\xampp\htdocs\lifeq\system\View\View.php(210): include('C:\\xampp\\htdocs...')
#2 C:\xampp\htdocs\lifeq\system\View\View.php(213): CodeIgniter\View\View->CodeIgniter\View\{closure}()
#3 C:\xampp\htdocs\lifeq\system\Common.php(1089): CodeIgniter\View\View->render('lifeq/Harris', Array, true)
#4 C:\xampp\htdocs\lifeq\app\Controllers\Cuser.php(54): view('lifeq/Harris')
#5 C:\xampp\htdocs\lifeq\system\CodeIgniter.php(832): App\Controllers\Cuser->prosesLogin()
#6 C:\xampp\htdocs\lifeq\system\CodeIgniter.php(419): CodeIgniter\CodeIgniter->runController(Object(App\Controllers\Cuser))
#7 C:\xampp\htdocs\lifeq\system\CodeIgniter.php(326): CodeIgniter\CodeIgniter->handleRequest(NULL, Object(Config\Cache), false)
#8 C:\xampp\htdocs\lifeq\public\index.php(37): CodeIgniter\CodeIgniter->run()
#9 {main}
CRITICAL - 2022-06-24 14:18:34 --> Undefined variable $akti
#0 C:\xampp\htdocs\lifeq\app\Views\lifeq\Harris.php(113): CodeIgniter\Debug\Exceptions->errorHandler(2, 'Undefined varia...', 'C:\\xampp\\htdocs...', 113)
#1 C:\xampp\htdocs\lifeq\system\View\View.php(210): include('C:\\xampp\\htdocs...')
#2 C:\xampp\htdocs\lifeq\system\View\View.php(213): CodeIgniter\View\View->CodeIgniter\View\{closure}()
#3 C:\xampp\htdocs\lifeq\system\Common.php(1089): CodeIgniter\View\View->render('lifeq/Harris', Array, true)
#4 C:\xampp\htdocs\lifeq\app\Controllers\Cuser.php(54): view('lifeq/Harris')
#5 C:\xampp\htdocs\lifeq\system\CodeIgniter.php(832): App\Controllers\Cuser->prosesLogin()
#6 C:\xampp\htdocs\lifeq\system\CodeIgniter.php(419): CodeIgniter\CodeIgniter->runController(Object(App\Controllers\Cuser))
#7 C:\xampp\htdocs\lifeq\system\CodeIgniter.php(326): CodeIgniter\CodeIgniter->handleRequest(NULL, Object(Config\Cache), false)
#8 C:\xampp\htdocs\lifeq\public\index.php(37): CodeIgniter\CodeIgniter->run()
#9 {main}
CRITICAL - 2022-06-24 14:23:21 --> Undefined variable $akti
#0 C:\xampp\htdocs\lifeq\app\Views\lifeq\Harris.php(113): CodeIgniter\Debug\Exceptions->errorHandler(2, 'Undefined varia...', 'C:\\xampp\\htdocs...', 113)
#1 C:\xampp\htdocs\lifeq\system\View\View.php(210): include('C:\\xampp\\htdocs...')
#2 C:\xampp\htdocs\lifeq\system\View\View.php(213): CodeIgniter\View\View->CodeIgniter\View\{closure}()
#3 C:\xampp\htdocs\lifeq\system\Common.php(1089): CodeIgniter\View\View->render('lifeq/Harris', Array, true)
#4 C:\xampp\htdocs\lifeq\app\Controllers\Cuser.php(54): view('lifeq/Harris')
#5 C:\xampp\htdocs\lifeq\system\CodeIgniter.php(832): App\Controllers\Cuser->prosesLogin()
#6 C:\xampp\htdocs\lifeq\system\CodeIgniter.php(419): CodeIgniter\CodeIgniter->runController(Object(App\Controllers\Cuser))
#7 C:\xampp\htdocs\lifeq\system\CodeIgniter.php(326): CodeIgniter\CodeIgniter->handleRequest(NULL, Object(Config\Cache), false)
#8 C:\xampp\htdocs\lifeq\public\index.php(37): CodeIgniter\CodeIgniter->run()
#9 {main}
CRITICAL - 2022-06-24 14:26:24 --> Undefined variable $akti
#0 C:\xampp\htdocs\lifeq\app\Views\lifeq\Harris.php(113): CodeIgniter\Debug\Exceptions->errorHandler(2, 'Undefined varia...', 'C:\\xampp\\htdocs...', 113)
#1 C:\xampp\htdocs\lifeq\system\View\View.php(210): include('C:\\xampp\\htdocs...')
#2 C:\xampp\htdocs\lifeq\system\View\View.php(213): CodeIgniter\View\View->CodeIgniter\View\{closure}()
#3 C:\xampp\htdocs\lifeq\system\Common.php(1089): CodeIgniter\View\View->render('lifeq/Harris', Array, true)
#4 C:\xampp\htdocs\lifeq\app\Controllers\Cuser.php(55): view('lifeq/Harris')
#5 C:\xampp\htdocs\lifeq\system\CodeIgniter.php(832): App\Controllers\Cuser->prosesLogin()
#6 C:\xampp\htdocs\lifeq\system\CodeIgniter.php(419): CodeIgniter\CodeIgniter->runController(Object(App\Controllers\Cuser))
#7 C:\xampp\htdocs\lifeq\system\CodeIgniter.php(326): CodeIgniter\CodeIgniter->handleRequest(NULL, Object(Config\Cache), false)
#8 C:\xampp\htdocs\lifeq\public\index.php(37): CodeIgniter\CodeIgniter->run()
#9 {main}
CRITICAL - 2022-06-24 14:26:59 --> Undefined variable $akti
#0 C:\xampp\htdocs\lifeq\app\Views\lifeq\Harris.php(113): CodeIgniter\Debug\Exceptions->errorHandler(2, 'Undefined varia...', 'C:\\xampp\\htdocs...', 113)
#1 C:\xampp\htdocs\lifeq\system\View\View.php(210): include('C:\\xampp\\htdocs...')
#2 C:\xampp\htdocs\lifeq\system\View\View.php(213): CodeIgniter\View\View->CodeIgniter\View\{closure}()
#3 C:\xampp\htdocs\lifeq\system\Common.php(1089): CodeIgniter\View\View->render('lifeq/Harris', Array, true)
#4 C:\xampp\htdocs\lifeq\app\Controllers\Cuser.php(57): view('lifeq/Harris')
#5 C:\xampp\htdocs\lifeq\system\CodeIgniter.php(832): App\Controllers\Cuser->prosesLogin()
#6 C:\xampp\htdocs\lifeq\system\CodeIgniter.php(419): CodeIgniter\CodeIgniter->runController(Object(App\Controllers\Cuser))
#7 C:\xampp\htdocs\lifeq\system\CodeIgniter.php(326): CodeIgniter\CodeIgniter->handleRequest(NULL, Object(Config\Cache), false)
#8 C:\xampp\htdocs\lifeq\public\index.php(37): CodeIgniter\CodeIgniter->run()
#9 {main}
CRITICAL - 2022-06-24 14:27:25 --> Undefined variable $akti
#0 C:\xampp\htdocs\lifeq\app\Views\lifeq\Harris.php(113): CodeIgniter\Debug\Exceptions->errorHandler(2, 'Undefined varia...', 'C:\\xampp\\htdocs...', 113)
#1 C:\xampp\htdocs\lifeq\system\View\View.php(210): include('C:\\xampp\\htdocs...')
#2 C:\xampp\htdocs\lifeq\system\View\View.php(213): CodeIgniter\View\View->CodeIgniter\View\{closure}()
#3 C:\xampp\htdocs\lifeq\system\Common.php(1089): CodeIgniter\View\View->render('lifeq/Harris', Array, true)
#4 C:\xampp\htdocs\lifeq\app\Controllers\Cuser.php(57): view('lifeq/Harris')
#5 C:\xampp\htdocs\lifeq\system\CodeIgniter.php(832): App\Controllers\Cuser->prosesLogin()
#6 C:\xampp\htdocs\lifeq\system\CodeIgniter.php(419): CodeIgniter\CodeIgniter->runController(Object(App\Controllers\Cuser))
#7 C:\xampp\htdocs\lifeq\system\CodeIgniter.php(326): CodeIgniter\CodeIgniter->handleRequest(NULL, Object(Config\Cache), false)
#8 C:\xampp\htdocs\lifeq\public\index.php(37): CodeIgniter\CodeIgniter->run()
#9 {main}
CRITICAL - 2022-06-24 14:31:57 --> Undefined variable $akti
#0 C:\xampp\htdocs\lifeq\app\Views\lifeq\Harris.php(113): CodeIgniter\Debug\Exceptions->errorHandler(2, 'Undefined varia...', 'C:\\xampp\\htdocs...', 113)
#1 C:\xampp\htdocs\lifeq\system\View\View.php(210): include('C:\\xampp\\htdocs...')
#2 C:\xampp\htdocs\lifeq\system\View\View.php(213): CodeIgniter\View\View->CodeIgniter\View\{closure}()
#3 C:\xampp\htdocs\lifeq\system\Common.php(1089): CodeIgniter\View\View->render('lifeq/Harris', Array, true)
#4 C:\xampp\htdocs\lifeq\app\Controllers\Cuser.php(57): view('lifeq/Harris')
#5 C:\xampp\htdocs\lifeq\system\CodeIgniter.php(832): App\Controllers\Cuser->prosesLogin()
#6 C:\xampp\htdocs\lifeq\system\CodeIgniter.php(419): CodeIgniter\CodeIgniter->runController(Object(App\Controllers\Cuser))
#7 C:\xampp\htdocs\lifeq\system\CodeIgniter.php(326): CodeIgniter\CodeIgniter->handleRequest(NULL, Object(Config\Cache), false)
#8 C:\xampp\htdocs\lifeq\public\index.php(37): CodeIgniter\CodeIgniter->run()
#9 {main}
CRITICAL - 2022-06-24 14:33:25 --> syntax error, unexpected token "echo"
#0 C:\xampp\htdocs\lifeq\system\View\View.php(213): CodeIgniter\View\View->CodeIgniter\View\{closure}()
#1 C:\xampp\htdocs\lifeq\system\Common.php(1089): CodeIgniter\View\View->render('lifeq/Harris', Array, true)
#2 C:\xampp\htdocs\lifeq\app\Controllers\Cuser.php(58): view('lifeq/Harris')
#3 C:\xampp\htdocs\lifeq\system\CodeIgniter.php(832): App\Controllers\Cuser->prosesLogin()
#4 C:\xampp\htdocs\lifeq\system\CodeIgniter.php(419): CodeIgniter\CodeIgniter->runController(Object(App\Controllers\Cuser))
#5 C:\xampp\htdocs\lifeq\system\CodeIgniter.php(326): CodeIgniter\CodeIgniter->handleRequest(NULL, Object(Config\Cache), false)
#6 C:\xampp\htdocs\lifeq\public\index.php(37): CodeIgniter\CodeIgniter->run()
#7 {main}
CRITICAL - 2022-06-24 14:33:48 --> syntax error, unexpected token "as", expecting ")"
#0 C:\xampp\htdocs\lifeq\system\View\View.php(213): CodeIgniter\View\View->CodeIgniter\View\{closure}()
#1 C:\xampp\htdocs\lifeq\system\Common.php(1089): CodeIgniter\View\View->render('lifeq/Harris', Array, true)
#2 C:\xampp\htdocs\lifeq\app\Controllers\Cuser.php(58): view('lifeq/Harris')
#3 C:\xampp\htdocs\lifeq\system\CodeIgniter.php(832): App\Controllers\Cuser->prosesLogin()
#4 C:\xampp\htdocs\lifeq\system\CodeIgniter.php(419): CodeIgniter\CodeIgniter->runController(Object(App\Controllers\Cuser))
#5 C:\xampp\htdocs\lifeq\system\CodeIgniter.php(326): CodeIgniter\CodeIgniter->handleRequest(NULL, Object(Config\Cache), false)
#6 C:\xampp\htdocs\lifeq\public\index.php(37): CodeIgniter\CodeIgniter->run()
#7 {main}
CRITICAL - 2022-06-24 14:33:59 --> Undefined variable $akti
#0 C:\xampp\htdocs\lifeq\app\Views\lifeq\Harris.php(113): CodeIgniter\Debug\Exceptions->errorHandler(2, 'Undefined varia...', 'C:\\xampp\\htdocs...', 113)
#1 C:\xampp\htdocs\lifeq\system\View\View.php(210): include('C:\\xampp\\htdocs...')
#2 C:\xampp\htdocs\lifeq\system\View\View.php(213): CodeIgniter\View\View->CodeIgniter\View\{closure}()
#3 C:\xampp\htdocs\lifeq\system\Common.php(1089): CodeIgniter\View\View->render('lifeq/Harris', Array, true)
#4 C:\xampp\htdocs\lifeq\app\Controllers\Cuser.php(58): view('lifeq/Harris')
#5 C:\xampp\htdocs\lifeq\system\CodeIgniter.php(832): App\Controllers\Cuser->prosesLogin()
#6 C:\xampp\htdocs\lifeq\system\CodeIgniter.php(419): CodeIgniter\CodeIgniter->runController(Object(App\Controllers\Cuser))
#7 C:\xampp\htdocs\lifeq\system\CodeIgniter.php(326): CodeIgniter\CodeIgniter->handleRequest(NULL, Object(Config\Cache), false)
#8 C:\xampp\htdocs\lifeq\public\index.php(37): CodeIgniter\CodeIgniter->run()
#9 {main}
CRITICAL - 2022-06-24 14:34:39 --> Undefined variable $akti
#0 C:\xampp\htdocs\lifeq\app\Views\lifeq\Harris.php(113): CodeIgniter\Debug\Exceptions->errorHandler(2, 'Undefined varia...', 'C:\\xampp\\htdocs...', 113)
#1 C:\xampp\htdocs\lifeq\system\View\View.php(210): include('C:\\xampp\\htdocs...')
#2 C:\xampp\htdocs\lifeq\system\View\View.php(213): CodeIgniter\View\View->CodeIgniter\View\{closure}()
#3 C:\xampp\htdocs\lifeq\system\Common.php(1089): CodeIgniter\View\View->render('lifeq/Harris', Array, true)
#4 C:\xampp\htdocs\lifeq\app\Controllers\Cuser.php(58): view('lifeq/Harris')
#5 C:\xampp\htdocs\lifeq\system\CodeIgniter.php(832): App\Controllers\Cuser->prosesLogin()
#6 C:\xampp\htdocs\lifeq\system\CodeIgniter.php(419): CodeIgniter\CodeIgniter->runController(Object(App\Controllers\Cuser))
#7 C:\xampp\htdocs\lifeq\system\CodeIgniter.php(326): CodeIgniter\CodeIgniter->handleRequest(NULL, Object(Config\Cache), false)
#8 C:\xampp\htdocs\lifeq\public\index.php(37): CodeIgniter\CodeIgniter->run()
#9 {main}
CRITICAL - 2022-06-24 14:38:11 --> Undefined variable $akti
#0 C:\xampp\htdocs\lifeq\app\Views\lifeq\Harris.php(113): CodeIgniter\Debug\Exceptions->errorHandler(2, 'Undefined varia...', 'C:\\xampp\\htdocs...', 113)
#1 C:\xampp\htdocs\lifeq\system\View\View.php(210): include('C:\\xampp\\htdocs...')
#2 C:\xampp\htdocs\lifeq\system\View\View.php(213): CodeIgniter\View\View->CodeIgniter\View\{closure}()
#3 C:\xampp\htdocs\lifeq\system\Common.php(1089): CodeIgniter\View\View->render('lifeq/Harris', Array, true)
#4 C:\xampp\htdocs\lifeq\app\Controllers\Cuser.php(58): view('lifeq/Harris')
#5 C:\xampp\htdocs\lifeq\system\CodeIgniter.php(832): App\Controllers\Cuser->prosesLogin()
#6 C:\xampp\htdocs\lifeq\system\CodeIgniter.php(419): CodeIgniter\CodeIgniter->runController(Object(App\Controllers\Cuser))
#7 C:\xampp\htdocs\lifeq\system\CodeIgniter.php(326): CodeIgniter\CodeIgniter->handleRequest(NULL, Object(Config\Cache), false)
#8 C:\xampp\htdocs\lifeq\public\index.php(37): CodeIgniter\CodeIgniter->run()
#9 {main}
CRITICAL - 2022-06-24 14:39:01 --> Undefined variable $akti
#0 C:\xampp\htdocs\lifeq\app\Views\lifeq\Harris.php(113): CodeIgniter\Debug\Exceptions->errorHandler(2, 'Undefined varia...', 'C:\\xampp\\htdocs...', 113)
#1 C:\xampp\htdocs\lifeq\system\View\View.php(210): include('C:\\xampp\\htdocs...')
#2 C:\xampp\htdocs\lifeq\system\View\View.php(213): CodeIgniter\View\View->CodeIgniter\View\{closure}()
#3 C:\xampp\htdocs\lifeq\system\Common.php(1089): CodeIgniter\View\View->render('lifeq/Harris', Array, true)
#4 C:\xampp\htdocs\lifeq\app\Controllers\Cuser.php(58): view('lifeq/Harris')
#5 C:\xampp\htdocs\lifeq\system\CodeIgniter.php(832): App\Controllers\Cuser->prosesLogin()
#6 C:\xampp\htdocs\lifeq\system\CodeIgniter.php(419): CodeIgniter\CodeIgniter->runController(Object(App\Controllers\Cuser))
#7 C:\xampp\htdocs\lifeq\system\CodeIgniter.php(326): CodeIgniter\CodeIgniter->handleRequest(NULL, Object(Config\Cache), false)
#8 C:\xampp\htdocs\lifeq\public\index.php(37): CodeIgniter\CodeIgniter->run()
#9 {main}
CRITICAL - 2022-06-24 14:40:58 --> Undefined variable $aktivitas
#0 C:\xampp\htdocs\lifeq\app\Views\lifeq\Harris.php(113): CodeIgniter\Debug\Exceptions->errorHandler(2, 'Undefined varia...', 'C:\\xampp\\htdocs...', 113)
#1 C:\xampp\htdocs\lifeq\system\View\View.php(210): include('C:\\xampp\\htdocs...')
#2 C:\xampp\htdocs\lifeq\system\View\View.php(213): CodeIgniter\View\View->CodeIgniter\View\{closure}()
#3 C:\xampp\htdocs\lifeq\system\Common.php(1089): CodeIgniter\View\View->render('lifeq/Harris', Array, true)
#4 C:\xampp\htdocs\lifeq\app\Controllers\Cuser.php(58): view('lifeq/Harris')
#5 C:\xampp\htdocs\lifeq\system\CodeIgniter.php(832): App\Controllers\Cuser->prosesLogin()
#6 C:\xampp\htdocs\lifeq\system\CodeIgniter.php(419): CodeIgniter\CodeIgniter->runController(Object(App\Controllers\Cuser))
#7 C:\xampp\htdocs\lifeq\system\CodeIgniter.php(326): CodeIgniter\CodeIgniter->handleRequest(NULL, Object(Config\Cache), false)
#8 C:\xampp\htdocs\lifeq\public\index.php(37): CodeIgniter\CodeIgniter->run()
#9 {main}
CRITICAL - 2022-06-24 14:42:29 --> Undefined variable $aktivitas
#0 C:\xampp\htdocs\lifeq\app\Views\lifeq\Harris.php(113): CodeIgniter\Debug\Exceptions->errorHandler(2, 'Undefined varia...', 'C:\\xampp\\htdocs...', 113)
#1 C:\xampp\htdocs\lifeq\system\View\View.php(210): include('C:\\xampp\\htdocs...')
#2 C:\xampp\htdocs\lifeq\system\View\View.php(213): CodeIgniter\View\View->CodeIgniter\View\{closure}()
#3 C:\xampp\htdocs\lifeq\system\Common.php(1089): CodeIgniter\View\View->render('lifeq/Harris', Array, true)
#4 C:\xampp\htdocs\lifeq\app\Controllers\Cuser.php(58): view('lifeq/Harris')
#5 C:\xampp\htdocs\lifeq\system\CodeIgniter.php(832): App\Controllers\Cuser->prosesLogin()
#6 C:\xampp\htdocs\lifeq\system\CodeIgniter.php(419): CodeIgniter\CodeIgniter->runController(Object(App\Controllers\Cuser))
#7 C:\xampp\htdocs\lifeq\system\CodeIgniter.php(326): CodeIgniter\CodeIgniter->handleRequest(NULL, Object(Config\Cache), false)
#8 C:\xampp\htdocs\lifeq\public\index.php(37): CodeIgniter\CodeIgniter->run()
#9 {main}
CRITICAL - 2022-06-24 14:43:26 --> Undefined variable $akti
#0 C:\xampp\htdocs\lifeq\app\Views\lifeq\Harris.php(113): CodeIgniter\Debug\Exceptions->errorHandler(2, 'Undefined varia...', 'C:\\xampp\\htdocs...', 113)
#1 C:\xampp\htdocs\lifeq\system\View\View.php(210): include('C:\\xampp\\htdocs...')
#2 C:\xampp\htdocs\lifeq\system\View\View.php(213): CodeIgniter\View\View->CodeIgniter\View\{closure}()
#3 C:\xampp\htdocs\lifeq\system\Common.php(1089): CodeIgniter\View\View->render('lifeq/Harris', Array, true)
#4 C:\xampp\htdocs\lifeq\app\Controllers\Cuser.php(58): view('lifeq/Harris')
#5 C:\xampp\htdocs\lifeq\system\CodeIgniter.php(832): App\Controllers\Cuser->prosesLogin()
#6 C:\xampp\htdocs\lifeq\system\CodeIgniter.php(419): CodeIgniter\CodeIgniter->runController(Object(App\Controllers\Cuser))
#7 C:\xampp\htdocs\lifeq\system\CodeIgniter.php(326): CodeIgniter\CodeIgniter->handleRequest(NULL, Object(Config\Cache), false)
#8 C:\xampp\htdocs\lifeq\public\index.php(37): CodeIgniter\CodeIgniter->run()
#9 {main}
CRITICAL - 2022-06-24 14:44:18 --> Undefined variable $akti
#0 C:\xampp\htdocs\lifeq\app\Views\lifeq\Harris.php(113): CodeIgniter\Debug\Exceptions->errorHandler(2, 'Undefined varia...', 'C:\\xampp\\htdocs...', 113)
#1 C:\xampp\htdocs\lifeq\system\View\View.php(210): include('C:\\xampp\\htdocs...')
#2 C:\xampp\htdocs\lifeq\system\View\View.php(213): CodeIgniter\View\View->CodeIgniter\View\{closure}()
#3 C:\xampp\htdocs\lifeq\system\Common.php(1089): CodeIgniter\View\View->render('lifeq/Harris', Array, true)
#4 C:\xampp\htdocs\lifeq\app\Controllers\Cuser.php(58): view('lifeq/Harris')
#5 C:\xampp\htdocs\lifeq\system\CodeIgniter.php(832): App\Controllers\Cuser->prosesLogin()
#6 C:\xampp\htdocs\lifeq\system\CodeIgniter.php(419): CodeIgniter\CodeIgniter->runController(Object(App\Controllers\Cuser))
#7 C:\xampp\htdocs\lifeq\system\CodeIgniter.php(326): CodeIgniter\CodeIgniter->handleRequest(NULL, Object(Config\Cache), false)
#8 C:\xampp\htdocs\lifeq\public\index.php(37): CodeIgniter\CodeIgniter->run()
#9 {main}
CRITICAL - 2022-06-24 14:44:26 --> Undefined variable $akti
#0 C:\xampp\htdocs\lifeq\app\Views\lifeq\Harris.php(113): CodeIgniter\Debug\Exceptions->errorHandler(2, 'Undefined varia...', 'C:\\xampp\\htdocs...', 113)
#1 C:\xampp\htdocs\lifeq\system\View\View.php(210): include('C:\\xampp\\htdocs...')
#2 C:\xampp\htdocs\lifeq\system\View\View.php(213): CodeIgniter\View\View->CodeIgniter\View\{closure}()
#3 C:\xampp\htdocs\lifeq\system\Common.php(1089): CodeIgniter\View\View->render('lifeq/Harris', Array, true)
#4 C:\xampp\htdocs\lifeq\app\Controllers\Cuser.php(58): view('lifeq/Harris')
#5 C:\xampp\htdocs\lifeq\system\CodeIgniter.php(832): App\Controllers\Cuser->prosesLogin()
#6 C:\xampp\htdocs\lifeq\system\CodeIgniter.php(419): CodeIgniter\CodeIgniter->runController(Object(App\Controllers\Cuser))
#7 C:\xampp\htdocs\lifeq\system\CodeIgniter.php(326): CodeIgniter\CodeIgniter->handleRequest(NULL, Object(Config\Cache), false)
#8 C:\xampp\htdocs\lifeq\public\index.php(37): CodeIgniter\CodeIgniter->run()
#9 {main}
CRITICAL - 2022-06-24 14:53:00 --> Undefined variable $dataAkti
#0 C:\xampp\htdocs\lifeq\app\Controllers\Caktivitas.php(22): CodeIgniter\Debug\Exceptions->errorHandler(2, 'Undefined varia...', 'C:\\xampp\\htdocs...', 22)
#1 C:\xampp\htdocs\lifeq\system\CodeIgniter.php(832): App\Controllers\Caktivitas->Harris()
#2 C:\xampp\htdocs\lifeq\system\CodeIgniter.php(419): CodeIgniter\CodeIgniter->runController(Object(App\Controllers\Caktivitas))
#3 C:\xampp\htdocs\lifeq\system\CodeIgniter.php(326): CodeIgniter\CodeIgniter->handleRequest(NULL, Object(Config\Cache), false)
#4 C:\xampp\htdocs\lifeq\public\index.php(37): CodeIgniter\CodeIgniter->run()
#5 {main}
CRITICAL - 2022-06-24 14:53:37 --> Attempt to read property "ID_AKTIVITAS" on array
#0 C:\xampp\htdocs\lifeq\app\Controllers\Caktivitas.php(22): CodeIgniter\Debug\Exceptions->errorHandler(2, 'Attempt to read...', 'C:\\xampp\\htdocs...', 22)
#1 C:\xampp\htdocs\lifeq\system\CodeIgniter.php(832): App\Controllers\Caktivitas->Harris()
#2 C:\xampp\htdocs\lifeq\system\CodeIgniter.php(419): CodeIgniter\CodeIgniter->runController(Object(App\Controllers\Caktivitas))
#3 C:\xampp\htdocs\lifeq\system\CodeIgniter.php(326): CodeIgniter\CodeIgniter->handleRequest(NULL, Object(Config\Cache), false)
#4 C:\xampp\htdocs\lifeq\public\index.php(37): CodeIgniter\CodeIgniter->run()
#5 {main}
CRITICAL - 2022-06-24 14:53:51 --> Attempt to read property "ID_AKTIVITAS" on array
#0 C:\xampp\htdocs\lifeq\app\Controllers\Caktivitas.php(22): CodeIgniter\Debug\Exceptions->errorHandler(2, 'Attempt to read...', 'C:\\xampp\\htdocs...', 22)
#1 C:\xampp\htdocs\lifeq\system\CodeIgniter.php(832): App\Controllers\Caktivitas->Harris()
#2 C:\xampp\htdocs\lifeq\system\CodeIgniter.php(419): CodeIgniter\CodeIgniter->runController(Object(App\Controllers\Caktivitas))
#3 C:\xampp\htdocs\lifeq\system\CodeIgniter.php(326): CodeIgniter\CodeIgniter->handleRequest(NULL, Object(Config\Cache), false)
#4 C:\xampp\htdocs\lifeq\public\index.php(37): CodeIgniter\CodeIgniter->run()
#5 {main}
CRITICAL - 2022-06-24 14:57:53 --> Undefined variable $akti
#0 C:\xampp\htdocs\lifeq\app\Views\lifeq\Harris.php(113): CodeIgniter\Debug\Exceptions->errorHandler(2, 'Undefined varia...', 'C:\\xampp\\htdocs...', 113)
#1 C:\xampp\htdocs\lifeq\system\View\View.php(210): include('C:\\xampp\\htdocs...')
#2 C:\xampp\htdocs\lifeq\system\View\View.php(213): CodeIgniter\View\View->CodeIgniter\View\{closure}()
#3 C:\xampp\htdocs\lifeq\system\Common.php(1089): CodeIgniter\View\View->render('lifeq/Harris', Array, true)
#4 C:\xampp\htdocs\lifeq\app\Controllers\Cpharris.php(39): view('lifeq/Harris', Array)
#5 C:\xampp\htdocs\lifeq\system\CodeIgniter.php(832): App\Controllers\Cpharris->AKE()
#6 C:\xampp\htdocs\lifeq\system\CodeIgniter.php(419): CodeIgniter\CodeIgniter->runController(Object(App\Controllers\Cpharris))
#7 C:\xampp\htdocs\lifeq\system\CodeIgniter.php(326): CodeIgniter\CodeIgniter->handleRequest(NULL, Object(Config\Cache), false)
#8 C:\xampp\htdocs\lifeq\public\index.php(37): CodeIgniter\CodeIgniter->run()
#9 {main}
CRITICAL - 2022-06-24 14:58:01 --> Undefined variable $akti
#0 C:\xampp\htdocs\lifeq\app\Views\lifeq\Harris.php(113): CodeIgniter\Debug\Exceptions->errorHandler(2, 'Undefined varia...', 'C:\\xampp\\htdocs...', 113)
#1 C:\xampp\htdocs\lifeq\system\View\View.php(210): include('C:\\xampp\\htdocs...')
#2 C:\xampp\htdocs\lifeq\system\View\View.php(213): CodeIgniter\View\View->CodeIgniter\View\{closure}()
#3 C:\xampp\htdocs\lifeq\system\Common.php(1089): CodeIgniter\View\View->render('lifeq/Harris', Array, true)
#4 C:\xampp\htdocs\lifeq\app\Controllers\Cpharris.php(39): view('lifeq/Harris', Array)
#5 C:\xampp\htdocs\lifeq\system\CodeIgniter.php(832): App\Controllers\Cpharris->AKE()
#6 C:\xampp\htdocs\lifeq\system\CodeIgniter.php(419): CodeIgniter\CodeIgniter->runController(Object(App\Controllers\Cpharris))
#7 C:\xampp\htdocs\lifeq\system\CodeIgniter.php(326): CodeIgniter\CodeIgniter->handleRequest(NULL, Object(Config\Cache), false)
#8 C:\xampp\htdocs\lifeq\public\index.php(37): CodeIgniter\CodeIgniter->run()
#9 {main}
CRITICAL - 2022-06-24 15:00:13 --> Undefined variable $akti
#0 C:\xampp\htdocs\lifeq\app\Views\lifeq\Harris.php(113): CodeIgniter\Debug\Exceptions->errorHandler(2, 'Undefined varia...', 'C:\\xampp\\htdocs...', 113)
#1 C:\xampp\htdocs\lifeq\system\View\View.php(210): include('C:\\xampp\\htdocs...')
#2 C:\xampp\htdocs\lifeq\system\View\View.php(213): CodeIgniter\View\View->CodeIgniter\View\{closure}()
#3 C:\xampp\htdocs\lifeq\system\Common.php(1089): CodeIgniter\View\View->render('lifeq/Harris', Array, true)
#4 C:\xampp\htdocs\lifeq\app\Controllers\Cpharris.php(61): view('lifeq/Harris', Array)
#5 C:\xampp\htdocs\lifeq\system\CodeIgniter.php(832): App\Controllers\Cpharris->AKE()
#6 C:\xampp\htdocs\lifeq\system\CodeIgniter.php(419): CodeIgniter\CodeIgniter->runController(Object(App\Controllers\Cpharris))
#7 C:\xampp\htdocs\lifeq\system\CodeIgniter.php(326): CodeIgniter\CodeIgniter->handleRequest(NULL, Object(Config\Cache), false)
#8 C:\xampp\htdocs\lifeq\public\index.php(37): CodeIgniter\CodeIgniter->run()
#9 {main}
CRITICAL - 2022-06-24 15:00:38 --> Call to undefined function App\Controllers\Harris()
#0 C:\xampp\htdocs\lifeq\system\CodeIgniter.php(832): App\Controllers\Cpharris->AKE()
#1 C:\xampp\htdocs\lifeq\system\CodeIgniter.php(419): CodeIgniter\CodeIgniter->runController(Object(App\Controllers\Cpharris))
#2 C:\xampp\htdocs\lifeq\system\CodeIgniter.php(326): CodeIgniter\CodeIgniter->handleRequest(NULL, Object(Config\Cache), false)
#3 C:\xampp\htdocs\lifeq\public\index.php(37): CodeIgniter\CodeIgniter->run()
#4 {main}
CRITICAL - 2022-06-24 15:01:45 --> Call to undefined function App\Controllers\form_open()
#0 C:\xampp\htdocs\lifeq\system\CodeIgniter.php(832): App\Controllers\Cpharris->AKE()
#1 C:\xampp\htdocs\lifeq\system\CodeIgniter.php(419): CodeIgniter\CodeIgniter->runController(Object(App\Controllers\Cpharris))
#2 C:\xampp\htdocs\lifeq\system\CodeIgniter.php(326): CodeIgniter\CodeIgniter->handleRequest(NULL, Object(Config\Cache), false)
#3 C:\xampp\htdocs\lifeq\public\index.php(37): CodeIgniter\CodeIgniter->run()
#4 {main}
CRITICAL - 2022-06-24 15:39:25 --> Call to undefined function App\Controllers\form_open()
#0 C:\xampp\htdocs\lifeq\system\CodeIgniter.php(832): App\Controllers\Cpharris->AKE()
#1 C:\xampp\htdocs\lifeq\system\CodeIgniter.php(419): CodeIgniter\CodeIgniter->runController(Object(App\Controllers\Cpharris))
#2 C:\xampp\htdocs\lifeq\system\CodeIgniter.php(326): CodeIgniter\CodeIgniter->handleRequest(NULL, Object(Config\Cache), false)
#3 C:\xampp\htdocs\lifeq\public\index.php(37): CodeIgniter\CodeIgniter->run()
#4 {main}
