ERROR - 2022-06-08 21:44:59 --> Error connecting to the database: MySQL server has gone away
CRITICAL - 2022-06-08 21:44:59 --> Unable to connect to the database.
Main connection [MySQLi]: MySQL server has gone away
#0 D:\wamp64\www\cobaCI\system\Database\BaseConnection.php(577): CodeIgniter\Database\BaseConnection->initialize()
#1 D:\wamp64\www\cobaCI\system\Database\BaseBuilder.php(1455): CodeIgniter\Database\BaseConnection->query('SELECT *\nFROM `...', Array, false)
#2 D:\wamp64\www\cobaCI\system\Model.php(183): CodeIgniter\Database\BaseBuilder->get()
#3 D:\wamp64\www\cobaCI\system\BaseModel.php(584): CodeIgniter\Model->doFindAll(0, 0)
#4 D:\wamp64\www\cobaCI\app\Controllers\Mha.php(16): CodeIgniter\BaseModel->findAll()
#5 D:\wamp64\www\cobaCI\system\CodeIgniter.php(832): App\Controllers\Mha->index()
#6 D:\wamp64\www\cobaCI\system\CodeIgniter.php(419): CodeIgniter\CodeIgniter->runController(Object(App\Controllers\Mha))
#7 D:\wamp64\www\cobaCI\system\CodeIgniter.php(326): CodeIgniter\CodeIgniter->handleRequest(NULL, Object(Config\Cache), false)
#8 D:\wamp64\www\cobaCI\public\index.php(37): CodeIgniter\CodeIgniter->run()
#9 {main}
CRITICAL - 2022-06-08 22:06:36 --> Undefined property: App\Controllers\Mha::$pegawai
#0 D:\wamp64\www\cobaCI\app\Controllers\Mha.php(50): CodeIgniter\Debug\Exceptions->errorHandler(2, 'Undefined prope...', 'D:\\wamp64\\www\\c...', 50)
#1 D:\wamp64\www\cobaCI\system\CodeIgniter.php(832): App\Controllers\Mha->store()
#2 D:\wamp64\www\cobaCI\system\CodeIgniter.php(419): CodeIgniter\CodeIgniter->runController(Object(App\Controllers\Mha))
#3 D:\wamp64\www\cobaCI\system\CodeIgniter.php(326): CodeIgniter\CodeIgniter->handleRequest(NULL, Object(Config\Cache), false)
#4 D:\wamp64\www\cobaCI\public\index.php(37): CodeIgniter\CodeIgniter->run()
#5 {main}
CRITICAL - 2022-06-08 22:10:58 --> Undefined property: App\Controllers\Mha::$pegawai
#0 D:\wamp64\www\cobaCI\app\Controllers\Mha.php(50): CodeIgniter\Debug\Exceptions->errorHandler(2, 'Undefined prope...', 'D:\\wamp64\\www\\c...', 50)
#1 D:\wamp64\www\cobaCI\system\CodeIgniter.php(832): App\Controllers\Mha->store()
#2 D:\wamp64\www\cobaCI\system\CodeIgniter.php(419): CodeIgniter\CodeIgniter->runController(Object(App\Controllers\Mha))
#3 D:\wamp64\www\cobaCI\system\CodeIgniter.php(326): CodeIgniter\CodeIgniter->handleRequest(NULL, Object(Config\Cache), false)
#4 D:\wamp64\www\cobaCI\public\index.php(37): CodeIgniter\CodeIgniter->run()
#5 {main}
CRITICAL - 2022-06-08 22:20:18 --> syntax error, unexpected token "=>", expecting ")"
#0 D:\wamp64\www\cobaCI\system\Router\Router.php(175): CodeIgniter\Router\Router->autoRoute('mha/create')
#1 D:\wamp64\www\cobaCI\system\CodeIgniter.php(726): CodeIgniter\Router\Router->handle('mha/create')
#2 D:\wamp64\www\cobaCI\system\CodeIgniter.php(368): CodeIgniter\CodeIgniter->tryToRouteIt(Object(CodeIgniter\Router\RouteCollection))
#3 D:\wamp64\www\cobaCI\system\CodeIgniter.php(326): CodeIgniter\CodeIgniter->handleRequest(NULL, Object(Config\Cache), false)
#4 D:\wamp64\www\cobaCI\public\index.php(37): CodeIgniter\CodeIgniter->run()
#5 {main}
CRITICAL - 2022-06-08 22:57:26 -->  route cannot be found while reverse-routing.
#0 D:\wamp64\www\cobaCI\system\HTTP\RedirectResponse.php(56): CodeIgniter\HTTP\Exceptions\HTTPException::forInvalidRedirectRoute('')
#1 D:\wamp64\www\cobaCI\system\Common.php(832): CodeIgniter\HTTP\RedirectResponse->route(false)
#2 D:\wamp64\www\cobaCI\app\Controllers\Mha.php(39): redirect('/mha')
#3 D:\wamp64\www\cobaCI\system\CodeIgniter.php(832): App\Controllers\Mha->delete('18')
#4 D:\wamp64\www\cobaCI\system\CodeIgniter.php(419): CodeIgniter\CodeIgniter->runController(Object(App\Controllers\Mha))
#5 D:\wamp64\www\cobaCI\system\CodeIgniter.php(326): CodeIgniter\CodeIgniter->handleRequest(NULL, Object(Config\Cache), false)
#6 D:\wamp64\www\cobaCI\public\index.php(37): CodeIgniter\CodeIgniter->run()
#7 {main}
